2026-02-24 11:12:39,942 - INFO - 股票监控程序启动
2026-02-24 11:12:40,101 - INFO - 已发送通知: 股票监控 - 监控程序已启动
2026-02-24 11:12:40,613 - INFO - 成功连接TDX服务器
2026-02-24 11:12:40,613 - INFO - 进入交易时段监控
2026-02-24 11:12:40,897 - INFO - 时间: 11:12:40 | 价格: 24.1 | 涨跌幅: 1.86% | 成交量: 1992万
2026-02-24 11:12:42,041 - INFO - 时间: 11:12:42 | 价格: 24.1 | 涨跌幅: 1.86% | 成交量: 1992万
2026-02-24 11:12:43,203 - INFO - 时间: 11:12:43 | 价格: 24.1 | 涨跌幅: 1.86% | 成交量: 1992万
2026-02-24 11:12:44,498 - INFO - 时间: 11:12:44 | 价格: 24.1 | 涨跌幅: 1.86% | 成交量: 1992万
2026-02-24 11:12:45,787 - INFO - 时间: 11:12:45 | 价格: 24.1 | 涨跌幅: 1.86% | 成交量: 1992万
2026-02-24 11:12:46,952 - INFO - 时间: 11:12:46 | 价格: 24.1 | 涨跌幅: 1.86% | 成交量: 1992万
2026-02-24 11:12:48,419 - INFO - 时间: 11:12:48 | 价格: 24.1 | 涨跌幅: 1.86% | 成交量: 1992万
2026-02-24 11:12:49,666 - INFO - 时间: 11:12:49 | 价格: 24.1 | 涨跌幅: 1.86% | 成交量: 1992万
2026-02-24 11:12:50,787 - INFO - 时间: 11:12:50 | 价格: 24.1 | 涨跌幅: 1.86% | 成交量: 1992万
2026-02-24 11:12:52,005 - INFO - 时间: 11:12:52 | 价格: 24.1 | 涨跌幅: 1.86% | 成交量: 1992万
2026-02-24 11:12:53,466 - INFO - 时间: 11:12:53 | 价格: 24.1 | 涨跌幅: 1.86% | 成交量: 1992万
2026-02-24 11:12:54,733 - INFO - 时间: 11:12:54 | 价格: 24.1 | 涨跌幅: 1.86% | 成交量: 1992万
2026-02-24 11:12:56,125 - INFO - 时间: 11:12:56 | 价格: 24.1 | 涨跌幅: 1.86% | 成交量: 1992万
2026-02-24 11:12:57,389 - INFO - 时间: 11:12:57 | 价格: 24.1 | 涨跌幅: 1.86% | 成交量: 1992万
2026-02-24 11:12:58,840 - INFO - 时间: 11:12:58 | 价格: 24.1 | 涨跌幅: 1.86% | 成交量: 1992万
2026-02-24 11:12:59,991 - INFO - 时间: 11:12:59 | 价格: 24.1 | 涨跌幅: 1.86% | 成交量: 1992万
2026-02-24 11:13:01,225 - INFO - 时间: 11:13:01 | 价格: 24.1 | 涨跌幅: 1.86% | 成交量: 1992万
2026-02-24 11:13:02,372 - INFO - 时间: 11:13:02 | 价格: 24.1 | 涨跌幅: 1.86% | 成交量: 1992万
2026-02-24 11:13:03,606 - INFO - 时间: 11:13:03 | 价格: 24.1 | 涨跌幅: 1.86% | 成交量: 1992万
2026-02-24 11:13:04,788 - INFO - 时间: 11:13:04 | 价格: 24.1 | 涨跌幅: 1.86% | 成交量: 1992万
2026-02-24 11:13:05,951 - INFO - 时间: 11:13:05 | 价格: 24.1 | 涨跌幅: 1.86% | 成交量: 1992万
2026-02-24 11:13:07,143 - INFO - 时间: 11:13:07 | 价格: 24.1 | 涨跌幅: 1.86% | 成交量: 1992万
2026-02-24 11:13:08,479 - INFO - 时间: 11:13:08 | 价格: 24.1 | 涨跌幅: 1.86% | 成交量: 1992万
2026-02-24 11:13:09,622 - INFO - 时间: 11:13:09 | 价格: 24.1 | 涨跌幅: 1.86% | 成交量: 1992万
2026-02-24 11:13:10,817 - INFO - 时间: 11:13:10 | 价格: 24.1 | 涨跌幅: 1.86% | 成交量: 1992万
2026-02-24 11:13:11,962 - INFO - 时间: 11:13:11 | 价格: 24.1 | 涨跌幅: 1.86% | 成交量: 1992万
2026-02-24 11:13:13,163 - INFO - 时间: 11:13:13 | 价格: 24.15 | 涨跌幅: 2.07% | 成交量: 1992万
2026-02-24 11:13:14,296 - INFO - 时间: 11:13:14 | 价格: 24.15 | 涨跌幅: 2.07% | 成交量: 1992万
2026-02-24 11:13:15,486 - INFO - 时间: 11:13:15 | 价格: 24.15 | 涨跌幅: 2.07% | 成交量: 1992万
2026-02-24 11:13:16,641 - INFO - 时间: 11:13:16 | 价格: 24.15 | 涨跌幅: 2.07% | 成交量: 1992万
2026-02-24 11:13:17,890 - INFO - 时间: 11:13:17 | 价格: 24.15 | 涨跌幅: 2.07% | 成交量: 1992万
2026-02-24 11:13:19,357 - INFO - 时间: 11:13:19 | 价格: 24.15 | 涨跌幅: 2.07% | 成交量: 1992万
2026-02-24 11:13:20,517 - INFO - 时间: 11:13:20 | 价格: 24.15 | 涨跌幅: 2.07% | 成交量: 1992万
2026-02-24 11:13:21,683 - INFO - 时间: 11:13:21 | 价格: 24.15 | 涨跌幅: 2.07% | 成交量: 1992万
2026-02-24 11:13:22,952 - INFO - 时间: 11:13:22 | 价格: 24.15 | 涨跌幅: 2.07% | 成交量: 1992万
2026-02-24 11:13:24,078 - INFO - 时间: 11:13:24 | 价格: 24.15 | 涨跌幅: 2.07% | 成交量: 1992万
2026-02-24 11:13:25,285 - INFO - 时间: 11:13:25 | 价格: 24.15 | 涨跌幅: 2.07% | 成交量: 1992万
2026-02-24 11:13:26,441 - INFO - 时间: 11:13:26 | 价格: 24.15 | 涨跌幅: 2.07% | 成交量: 1992万
2026-02-24 11:13:27,700 - INFO - 时间: 11:13:27 | 价格: 24.15 | 涨跌幅: 2.07% | 成交量: 1992万
2026-02-24 11:13:29,013 - INFO - 时间: 11:13:29 | 价格: 24.15 | 涨跌幅: 2.07% | 成交量: 1992万
2026-02-24 11:13:30,164 - INFO - 时间: 11:13:30 | 价格: 24.15 | 涨跌幅: 2.07% | 成交量: 1992万
2026-02-24 11:13:31,912 - INFO - 时间: 11:13:31 | 价格: 24.15 | 涨跌幅: 2.07% | 成交量: 1992万
2026-02-24 11:13:33,066 - INFO - 时间: 11:13:33 | 价格: 24.15 | 涨跌幅: 2.07% | 成交量: 1992万
2026-02-24 11:13:34,288 - INFO - 时间: 11:13:34 | 价格: 24.15 | 涨跌幅: 2.07% | 成交量: 1992万
2026-02-24 11:13:35,482 - INFO - 时间: 11:13:35 | 价格: 24.15 | 涨跌幅: 2.07% | 成交量: 1992万
2026-02-24 11:13:36,624 - INFO - 时间: 11:13:36 | 价格: 24.15 | 涨跌幅: 2.07% | 成交量: 1992万
2026-02-24 11:13:37,841 - INFO - 时间: 11:13:37 | 价格: 24.15 | 涨跌幅: 2.07% | 成交量: 1992万
2026-02-24 11:13:38,959 - INFO - 时间: 11:13:38 | 价格: 24.15 | 涨跌幅: 2.07% | 成交量: 1992万
2026-02-24 11:13:40,113 - INFO - 时间: 11:13:40 | 价格: 24.15 | 涨跌幅: 2.07% | 成交量: 1992万
2026-02-24 11:13:41,299 - INFO - 时间: 11:13:41 | 价格: 24.15 | 涨跌幅: 2.07% | 成交量: 1992万
2026-02-24 11:13:42,422 - INFO - 时间: 11:13:42 | 价格: 24.15 | 涨跌幅: 2.07% | 成交量: 1992万
2026-02-24 11:13:43,585 - INFO - 时间: 11:13:43 | 价格: 24.15 | 涨跌幅: 2.07% | 成交量: 1992万
2026-02-24 11:13:44,821 - INFO - 时间: 11:13:44 | 价格: 24.15 | 涨跌幅: 2.07% | 成交量: 1992万
2026-02-24 11:13:45,970 - INFO - 时间: 11:13:45 | 价格: 24.15 | 涨跌幅: 2.07% | 成交量: 1992万
2026-02-24 11:13:47,128 - INFO - 时间: 11:13:47 | 价格: 24.15 | 涨跌幅: 2.07% | 成交量: 1992万
2026-02-24 11:13:48,294 - INFO - 时间: 11:13:48 | 价格: 24.15 | 涨跌幅: 2.07% | 成交量: 1992万
2026-02-24 11:13:49,412 - INFO - 时间: 11:13:49 | 价格: 24.15 | 涨跌幅: 2.07% | 成交量: 1992万
2026-02-24 11:13:50,627 - INFO - 时间: 11:13:50 | 价格: 24.15 | 涨跌幅: 2.07% | 成交量: 1992万
2026-02-24 11:13:51,784 - INFO - 时间: 11:13:51 | 价格: 24.15 | 涨跌幅: 2.07% | 成交量: 1992万
2026-02-24 11:13:52,925 - INFO - 时间: 11:13:52 | 价格: 24.1 | 涨跌幅: 1.86% | 成交量: 1995万
2026-02-24 11:13:54,064 - INFO - 时间: 11:13:54 | 价格: 24.1 | 涨跌幅: 1.86% | 成交量: 1995万
2026-02-24 11:13:55,298 - INFO - 时间: 11:13:55 | 价格: 24.1 | 涨跌幅: 1.86% | 成交量: 1995万
2026-02-24 11:13:56,444 - INFO - 时间: 11:13:56 | 价格: 24.1 | 涨跌幅: 1.86% | 成交量: 1995万
2026-02-24 11:13:58,090 - INFO - 时间: 11:13:58 | 价格: 24.1 | 涨跌幅: 1.86% | 成交量: 1995万
2026-02-24 11:13:59,210 - INFO - 时间: 11:13:59 | 价格: 24.1 | 涨跌幅: 1.86% | 成交量: 1995万
2026-02-24 11:14:00,433 - INFO - 时间: 11:14:00 | 价格: 24.1 | 涨跌幅: 1.86% | 成交量: 1995万
2026-02-24 11:14:01,670 - INFO - 时间: 11:14:01 | 价格: 24.1 | 涨跌幅: 1.86% | 成交量: 1995万
2026-02-24 11:14:02,830 - INFO - 时间: 11:14:02 | 价格: 24.1 | 涨跌幅: 1.86% | 成交量: 1995万
2026-02-24 11:14:04,127 - INFO - 时间: 11:14:04 | 价格: 24.1 | 涨跌幅: 1.86% | 成交量: 1995万
2026-02-24 11:14:05,331 - INFO - 时间: 11:14:05 | 价格: 24.1 | 涨跌幅: 1.86% | 成交量: 1995万
2026-02-24 11:14:06,449 - INFO - 时间: 11:14:06 | 价格: 24.1 | 涨跌幅: 1.86% | 成交量: 1995万
2026-02-24 11:14:07,618 - INFO - 时间: 11:14:07 | 价格: 24.1 | 涨跌幅: 1.86% | 成交量: 1995万
2026-02-24 11:14:08,770 - INFO - 时间: 11:14:08 | 价格: 24.1 | 涨跌幅: 1.86% | 成交量: 1995万
2026-02-24 11:14:09,982 - INFO - 时间: 11:14:09 | 价格: 24.1 | 涨跌幅: 1.86% | 成交量: 1995万
2026-02-24 11:14:11,102 - INFO - 时间: 11:14:11 | 价格: 24.1 | 涨跌幅: 1.86% | 成交量: 1995万
2026-02-24 11:14:12,280 - INFO - 时间: 11:14:12 | 价格: 24.1 | 涨跌幅: 1.86% | 成交量: 1995万
2026-02-24 11:14:13,471 - INFO - 时间: 11:14:13 | 价格: 24.1 | 涨跌幅: 1.86% | 成交量: 1995万
2026-02-24 11:14:14,921 - INFO - 时间: 11:14:14 | 价格: 24.1 | 涨跌幅: 1.86% | 成交量: 1995万
2026-02-24 11:14:16,051 - INFO - 时间: 11:14:16 | 价格: 24.1 | 涨跌幅: 1.86% | 成交量: 1995万
2026-02-24 11:14:17,166 - INFO - 时间: 11:14:17 | 价格: 24.1 | 涨跌幅: 1.86% | 成交量: 1995万
2026-02-24 11:14:18,290 - INFO - 时间: 11:14:18 | 价格: 24.1 | 涨跌幅: 1.86% | 成交量: 1995万
2026-02-24 11:14:19,417 - INFO - 时间: 11:14:19 | 价格: 24.1 | 涨跌幅: 1.86% | 成交量: 1995万
2026-02-24 11:14:20,588 - INFO - 时间: 11:14:20 | 价格: 24.1 | 涨跌幅: 1.86% | 成交量: 1995万
2026-02-24 11:14:21,814 - INFO - 时间: 11:14:21 | 价格: 24.1 | 涨跌幅: 1.86% | 成交量: 1995万
2026-02-24 11:14:22,962 - INFO - 时间: 11:14:22 | 价格: 24.1 | 涨跌幅: 1.86% | 成交量: 1995万
2026-02-24 11:14:24,129 - INFO - 时间: 11:14:24 | 价格: 24.1 | 涨跌幅: 1.86% | 成交量: 1995万
2026-02-24 11:14:25,254 - INFO - 时间: 11:14:25 | 价格: 24.1 | 涨跌幅: 1.86% | 成交量: 1995万
2026-02-24 11:14:26,460 - INFO - 时间: 11:14:26 | 价格: 24.1 | 涨跌幅: 1.86% | 成交量: 1995万
2026-02-24 11:14:27,593 - INFO - 时间: 11:14:27 | 价格: 24.1 | 涨跌幅: 1.86% | 成交量: 1995万
2026-02-24 11:14:29,003 - INFO - 时间: 11:14:29 | 价格: 24.1 | 涨跌幅: 1.86% | 成交量: 1995万
2026-02-24 11:14:30,482 - INFO - 时间: 11:14:30 | 价格: 24.1 | 涨跌幅: 1.86% | 成交量: 1995万
2026-02-24 11:14:31,664 - INFO - 时间: 11:14:31 | 价格: 24.1 | 涨跌幅: 1.86% | 成交量: 1995万
2026-02-24 11:14:32,798 - INFO - 时间: 11:14:32 | 价格: 24.1 | 涨跌幅: 1.86% | 成交量: 1995万
2026-02-24 11:14:33,985 - INFO - 时间: 11:14:33 | 价格: 24.1 | 涨跌幅: 1.86% | 成交量: 1995万
2026-02-24 11:14:35,168 - INFO - 时间: 11:14:35 | 价格: 24.1 | 涨跌幅: 1.86% | 成交量: 1995万
2026-02-24 11:14:36,321 - INFO - 时间: 11:14:36 | 价格: 24.1 | 涨跌幅: 1.86% | 成交量: 1995万
2026-02-24 11:14:37,482 - INFO - 时间: 11:14:37 | 价格: 24.1 | 涨跌幅: 1.86% | 成交量: 1995万
2026-02-24 11:14:38,689 - INFO - 时间: 11:14:38 | 价格: 24.1 | 涨跌幅: 1.86% | 成交量: 1995万
2026-02-24 11:14:39,843 - INFO - 时间: 11:14:39 | 价格: 24.1 | 涨跌幅: 1.86% | 成交量: 1995万
2026-02-24 11:14:40,974 - INFO - 时间: 11:14:40 | 价格: 24.1 | 涨跌幅: 1.86% | 成交量: 1995万
2026-02-24 11:14:42,185 - INFO - 时间: 11:14:42 | 价格: 24.1 | 涨跌幅: 1.86% | 成交量: 1995万
2026-02-24 11:14:43,337 - INFO - 时间: 11:14:43 | 价格: 24.1 | 涨跌幅: 1.86% | 成交量: 1995万
2026-02-24 11:14:44,466 - INFO - 时间: 11:14:44 | 价格: 24.1 | 涨跌幅: 1.86% | 成交量: 1995万
2026-02-24 11:14:45,585 - INFO - 时间: 11:14:45 | 价格: 24.1 | 涨跌幅: 1.86% | 成交量: 1995万
2026-02-24 11:14:46,729 - INFO - 时间: 11:14:46 | 价格: 24.1 | 涨跌幅: 1.86% | 成交量: 1995万
2026-02-24 11:14:47,865 - INFO - 时间: 11:14:47 | 价格: 24.1 | 涨跌幅: 1.86% | 成交量: 1995万
2026-02-24 11:14:49,379 - INFO - 时间: 11:14:49 | 价格: 24.1 | 涨跌幅: 1.86% | 成交量: 1995万
2026-02-24 11:14:50,831 - INFO - 时间: 11:14:50 | 价格: 24.1 | 涨跌幅: 1.86% | 成交量: 1995万
2026-02-24 11:14:52,997 - INFO - 时间: 11:14:52 | 价格: 24.1 | 涨跌幅: 1.86% | 成交量: 1995万
2026-02-24 11:14:54,163 - INFO - 时间: 11:14:54 | 价格: 24.1 | 涨跌幅: 1.86% | 成交量: 1995万
2026-02-24 11:14:55,355 - INFO - 时间: 11:14:55 | 价格: 24.1 | 涨跌幅: 1.86% | 成交量: 1995万
2026-02-24 11:14:56,542 - INFO - 时间: 11:14:56 | 价格: 24.1 | 涨跌幅: 1.86% | 成交量: 1995万
2026-02-24 11:14:57,655 - INFO - 时间: 11:14:57 | 价格: 24.1 | 涨跌幅: 1.86% | 成交量: 1995万
2026-02-24 11:14:58,786 - INFO - 时间: 11:14:58 | 价格: 24.1 | 涨跌幅: 1.86% | 成交量: 1995万
2026-02-24 11:14:59,905 - INFO - 时间: 11:14:59 | 价格: 24.1 | 涨跌幅: 1.86% | 成交量: 1995万
2026-02-24 11:15:01,102 - INFO - 时间: 11:15:01 | 价格: 24.1 | 涨跌幅: 1.86% | 成交量: 1995万
2026-02-24 11:15:02,372 - INFO - 时间: 11:15:02 | 价格: 24.1 | 涨跌幅: 1.86% | 成交量: 1995万
2026-02-24 11:15:03,660 - INFO - 时间: 11:15:03 | 价格: 24.1 | 涨跌幅: 1.86% | 成交量: 1995万
2026-02-24 11:15:04,926 - INFO - 时间: 11:15:04 | 价格: 24.1 | 涨跌幅: 1.86% | 成交量: 1995万
2026-02-24 11:15:06,477 - INFO - 时间: 11:15:06 | 价格: 24.1 | 涨跌幅: 1.86% | 成交量: 1995万
2026-02-24 11:15:07,745 - INFO - 时间: 11:15:07 | 价格: 24.1 | 涨跌幅: 1.86% | 成交量: 1995万
2026-02-24 11:15:08,914 - INFO - 时间: 11:15:08 | 价格: 24.1 | 涨跌幅: 1.86% | 成交量: 1995万
2026-02-24 11:15:10,157 - INFO - 时间: 11:15:10 | 价格: 24.1 | 涨跌幅: 1.86% | 成交量: 1995万
2026-02-24 11:15:11,335 - INFO - 时间: 11:15:11 | 价格: 24.1 | 涨跌幅: 1.86% | 成交量: 1995万
2026-02-24 11:15:12,797 - INFO - 时间: 11:15:12 | 价格: 24.1 | 涨跌幅: 1.86% | 成交量: 1995万
2026-02-24 11:15:13,937 - INFO - 时间: 11:15:13 | 价格: 24.1 | 涨跌幅: 1.86% | 成交量: 1995万
2026-02-24 11:15:15,079 - INFO - 时间: 11:15:15 | 价格: 24.1 | 涨跌幅: 1.86% | 成交量: 1995万
2026-02-24 11:15:16,195 - INFO - 时间: 11:15:16 | 价格: 24.1 | 涨跌幅: 1.86% | 成交量: 1995万
2026-02-24 11:15:17,333 - INFO - 时间: 11:15:17 | 价格: 24.1 | 涨跌幅: 1.86% | 成交量: 1995万
2026-02-24 11:15:18,496 - INFO - 时间: 11:15:18 | 价格: 24.1 | 涨跌幅: 1.86% | 成交量: 1995万
2026-02-24 11:15:19,620 - INFO - 时间: 11:15:19 | 价格: 24.1 | 涨跌幅: 1.86% | 成交量: 1995万
2026-02-24 11:15:20,862 - INFO - 时间: 11:15:20 | 价格: 24.1 | 涨跌幅: 1.86% | 成交量: 1995万
2026-02-24 11:15:22,018 - INFO - 时间: 11:15:22 | 价格: 24.1 | 涨跌幅: 1.86% | 成交量: 1995万
2026-02-24 11:15:23,188 - INFO - 时间: 11:15:23 | 价格: 24.1 | 涨跌幅: 1.86% | 成交量: 1995万
2026-02-24 11:15:24,442 - INFO - 时间: 11:15:24 | 价格: 24.1 | 涨跌幅: 1.86% | 成交量: 1995万
2026-02-24 11:15:25,638 - INFO - 时间: 11:15:25 | 价格: 24.1 | 涨跌幅: 1.86% | 成交量: 1995万
2026-02-24 11:15:26,823 - INFO - 时间: 11:15:26 | 价格: 24.1 | 涨跌幅: 1.86% | 成交量: 1995万
2026-02-24 11:15:28,019 - INFO - 时间: 11:15:28 | 价格: 24.1 | 涨跌幅: 1.86% | 成交量: 1995万
2026-02-24 11:15:29,329 - INFO - 时间: 11:15:29 | 价格: 24.1 | 涨跌幅: 1.86% | 成交量: 1995万
2026-02-24 11:15:30,523 - INFO - 时间: 11:15:30 | 价格: 24.1 | 涨跌幅: 1.86% | 成交量: 1995万
2026-02-24 11:15:31,668 - INFO - 时间: 11:15:31 | 价格: 24.1 | 涨跌幅: 1.86% | 成交量: 1995万
2026-02-24 11:15:32,922 - INFO - 时间: 11:15:32 | 价格: 24.1 | 涨跌幅: 1.86% | 成交量: 1995万
2026-02-24 11:15:34,304 - INFO - 时间: 11:15:34 | 价格: 24.1 | 涨跌幅: 1.86% | 成交量: 1995万
2026-02-24 11:15:35,530 - INFO - 时间: 11:15:35 | 价格: 24.1 | 涨跌幅: 1.86% | 成交量: 1995万
2026-02-24 11:15:36,945 - INFO - 时间: 11:15:36 | 价格: 24.1 | 涨跌幅: 1.86% | 成交量: 1995万
2026-02-24 11:15:38,262 - INFO - 时间: 11:15:38 | 价格: 24.1 | 涨跌幅: 1.86% | 成交量: 1995万
2026-02-24 11:15:39,425 - INFO - 时间: 11:15:39 | 价格: 24.1 | 涨跌幅: 1.86% | 成交量: 1995万
2026-02-24 11:15:40,662 - INFO - 时间: 11:15:40 | 价格: 24.1 | 涨跌幅: 1.86% | 成交量: 1995万
2026-02-24 11:15:41,790 - INFO - 时间: 11:15:41 | 价格: 24.1 | 涨跌幅: 1.86% | 成交量: 1995万
2026-02-24 11:15:42,934 - INFO - 时间: 11:15:42 | 价格: 24.1 | 涨跌幅: 1.86% | 成交量: 1995万
2026-02-24 11:15:44,121 - INFO - 时间: 11:15:44 | 价格: 24.1 | 涨跌幅: 1.86% | 成交量: 1995万
2026-02-24 11:15:45,348 - INFO - 时间: 11:15:45 | 价格: 24.1 | 涨跌幅: 1.86% | 成交量: 1995万
2026-02-24 11:15:46,598 - INFO - 时间: 11:15:46 | 价格: 24.1 | 涨跌幅: 1.86% | 成交量: 1995万
2026-02-24 11:15:47,808 - INFO - 时间: 11:15:47 | 价格: 24.1 | 涨跌幅: 1.86% | 成交量: 1995万
2026-02-24 11:15:49,385 - INFO - 时间: 11:15:49 | 价格: 24.1 | 涨跌幅: 1.86% | 成交量: 1995万
2026-02-24 11:15:50,681 - INFO - 时间: 11:15:50 | 价格: 24.1 | 涨跌幅: 1.86% | 成交量: 1995万
2026-02-24 11:15:51,911 - INFO - 时间: 11:15:51 | 价格: 24.1 | 涨跌幅: 1.86% | 成交量: 1995万
2026-02-24 11:15:53,344 - INFO - 时间: 11:15:53 | 价格: 24.1 | 涨跌幅: 1.86% | 成交量: 1995万
2026-02-24 11:15:54,470 - INFO - 时间: 11:15:54 | 价格: 24.1 | 涨跌幅: 1.86% | 成交量: 1995万
2026-02-24 11:15:55,709 - INFO - 时间: 11:15:55 | 价格: 24.1 | 涨跌幅: 1.86% | 成交量: 1995万
2026-02-24 11:15:57,170 - INFO - 时间: 11:15:57 | 价格: 24.1 | 涨跌幅: 1.86% | 成交量: 1995万
2026-02-24 11:15:58,394 - INFO - 时间: 11:15:58 | 价格: 24.1 | 涨跌幅: 1.86% | 成交量: 1995万
2026-02-24 11:15:59,675 - INFO - 时间: 11:15:59 | 价格: 24.1 | 涨跌幅: 1.86% | 成交量: 1995万
2026-02-24 11:16:01,007 - INFO - 时间: 11:16:01 | 价格: 24.1 | 涨跌幅: 1.86% | 成交量: 1995万
2026-02-24 11:16:02,191 - INFO - 时间: 11:16:02 | 价格: 24.1 | 涨跌幅: 1.86% | 成交量: 1995万
2026-02-24 11:16:03,434 - INFO - 时间: 11:16:03 | 价格: 24.1 | 涨跌幅: 1.86% | 成交量: 1995万
2026-02-24 11:16:04,734 - INFO - 时间: 11:16:04 | 价格: 24.1 | 涨跌幅: 1.86% | 成交量: 1995万
2026-02-24 11:16:05,915 - INFO - 时间: 11:16:05 | 价格: 24.1 | 涨跌幅: 1.86% | 成交量: 1995万
2026-02-24 11:16:07,143 - INFO - 时间: 11:16:07 | 价格: 24.1 | 涨跌幅: 1.86% | 成交量: 1995万
2026-02-24 11:16:08,591 - INFO - 时间: 11:16:08 | 价格: 24.1 | 涨跌幅: 1.86% | 成交量: 1995万
2026-02-24 11:16:09,712 - INFO - 时间: 11:16:09 | 价格: 24.1 | 涨跌幅: 1.86% | 成交量: 1995万
2026-02-24 11:16:11,217 - INFO - 时间: 11:16:11 | 价格: 24.1 | 涨跌幅: 1.86% | 成交量: 1995万
2026-02-24 11:16:12,351 - INFO - 时间: 11:16:12 | 价格: 24.1 | 涨跌幅: 1.86% | 成交量: 1995万
2026-02-24 11:16:13,602 - INFO - 时间: 11:16:13 | 价格: 24.1 | 涨跌幅: 1.86% | 成交量: 1995万
2026-02-24 11:16:14,799 - INFO - 时间: 11:16:14 | 价格: 24.1 | 涨跌幅: 1.86% | 成交量: 1995万
2026-02-24 11:16:15,950 - INFO - 时间: 11:16:15 | 价格: 24.1 | 涨跌幅: 1.86% | 成交量: 1995万
2026-02-24 11:16:17,150 - INFO - 时间: 11:16:17 | 价格: 24.1 | 涨跌幅: 1.86% | 成交量: 1995万
2026-02-24 11:16:18,335 - INFO - 时间: 11:16:18 | 价格: 24.1 | 涨跌幅: 1.86% | 成交量: 1995万
2026-02-24 11:16:19,517 - INFO - 时间: 11:16:19 | 价格: 24.1 | 涨跌幅: 1.86% | 成交量: 1995万
2026-02-24 11:16:20,694 - INFO - 时间: 11:16:20 | 价格: 24.1 | 涨跌幅: 1.86% | 成交量: 1995万
2026-02-24 11:16:21,854 - INFO - 时间: 11:16:21 | 价格: 24.1 | 涨跌幅: 1.86% | 成交量: 1995万
2026-02-24 11:16:23,017 - INFO - 时间: 11:16:23 | 价格: 24.1 | 涨跌幅: 1.86% | 成交量: 1995万
2026-02-24 11:16:24,182 - INFO - 时间: 11:16:24 | 价格: 24.1 | 涨跌幅: 1.86% | 成交量: 1995万
2026-02-24 11:16:25,568 - INFO - 时间: 11:16:25 | 价格: 24.1 | 涨跌幅: 1.86% | 成交量: 1995万
2026-02-24 11:16:26,751 - INFO - 时间: 11:16:26 | 价格: 24.1 | 涨跌幅: 1.86% | 成交量: 1995万
2026-02-24 11:16:28,000 - INFO - 时间: 11:16:28 | 价格: 24.1 | 涨跌幅: 1.86% | 成交量: 1995万
2026-02-24 11:16:29,331 - INFO - 时间: 11:16:29 | 价格: 24.1 | 涨跌幅: 1.86% | 成交量: 1995万
2026-02-24 11:16:30,933 - INFO - 时间: 11:16:30 | 价格: 24.1 | 涨跌幅: 1.86% | 成交量: 1995万
2026-02-24 11:16:32,221 - INFO - 时间: 11:16:32 | 价格: 24.1 | 涨跌幅: 1.86% | 成交量: 1995万
2026-02-24 11:16:33,882 - INFO - 时间: 11:16:33 | 价格: 24.1 | 涨跌幅: 1.86% | 成交量: 1995万
2026-02-24 11:16:35,217 - INFO - 时间: 11:16:35 | 价格: 24.1 | 涨跌幅: 1.86% | 成交量: 1995万
2026-02-24 11:16:36,453 - INFO - 时间: 11:16:36 | 价格: 24.1 | 涨跌幅: 1.86% | 成交量: 1995万
2026-02-24 11:16:37,763 - INFO - 时间: 11:16:37 | 价格: 24.1 | 涨跌幅: 1.86% | 成交量: 1995万
2026-02-24 11:16:39,380 - INFO - 时间: 11:16:39 | 价格: 24.1 | 涨跌幅: 1.86% | 成交量: 1995万
2026-02-24 11:16:40,765 - INFO - 时间: 11:16:40 | 价格: 24.1 | 涨跌幅: 1.86% | 成交量: 1995万
2026-02-24 11:16:42,074 - INFO - 时间: 11:16:42 | 价格: 24.1 | 涨跌幅: 1.86% | 成交量: 1995万
2026-02-24 11:16:43,202 - INFO - 时间: 11:16:43 | 价格: 24.1 | 涨跌幅: 1.86% | 成交量: 1995万
2026-02-24 11:16:44,435 - INFO - 时间: 11:16:44 | 价格: 24.1 | 涨跌幅: 1.86% | 成交量: 1995万
2026-02-24 11:16:45,695 - INFO - 时间: 11:16:45 | 价格: 24.1 | 涨跌幅: 1.86% | 成交量: 1995万
2026-02-24 11:16:47,136 - INFO - 时间: 11:16:47 | 价格: 24.1 | 涨跌幅: 1.86% | 成交量: 1995万
2026-02-24 11:16:48,247 - INFO - 时间: 11:16:48 | 价格: 24.1 | 涨跌幅: 1.86% | 成交量: 1995万
2026-02-24 11:16:49,400 - INFO - 时间: 11:16:49 | 价格: 24.1 | 涨跌幅: 1.86% | 成交量: 1995万
2026-02-24 11:16:50,617 - INFO - 时间: 11:16:50 | 价格: 24.1 | 涨跌幅: 1.86% | 成交量: 1995万
2026-02-24 11:16:51,831 - INFO - 时间: 11:16:51 | 价格: 24.1 | 涨跌幅: 1.86% | 成交量: 1995万
2026-02-24 11:16:53,254 - INFO - 时间: 11:16:53 | 价格: 24.1 | 涨跌幅: 1.86% | 成交量: 1995万
2026-02-24 11:16:54,422 - INFO - 时间: 11:16:54 | 价格: 24.1 | 涨跌幅: 1.86% | 成交量: 1995万
2026-02-24 11:16:55,552 - INFO - 时间: 11:16:55 | 价格: 24.1 | 涨跌幅: 1.86% | 成交量: 1995万
2026-02-24 11:16:56,726 - INFO - 时间: 11:16:56 | 价格: 24.1 | 涨跌幅: 1.86% | 成交量: 1995万
2026-02-24 11:16:57,906 - INFO - 时间: 11:16:57 | 价格: 24.1 | 涨跌幅: 1.86% | 成交量: 1995万
2026-02-24 11:16:59,158 - INFO - 时间: 11:16:59 | 价格: 24.15 | 涨跌幅: 2.07% | 成交量: 1995万
2026-02-24 11:17:00,414 - INFO - 时间: 11:17:00 | 价格: 24.15 | 涨跌幅: 2.07% | 成交量: 1995万
2026-02-24 11:17:01,650 - INFO - 时间: 11:17:01 | 价格: 24.15 | 涨跌幅: 2.07% | 成交量: 1995万
2026-02-24 11:17:02,946 - INFO - 时间: 11:17:02 | 价格: 24.15 | 涨跌幅: 2.07% | 成交量: 1995万
2026-02-24 11:17:04,273 - INFO - 时间: 11:17:04 | 价格: 24.15 | 涨跌幅: 2.07% | 成交量: 1995万
2026-02-24 11:17:05,412 - INFO - 时间: 11:17:05 | 价格: 24.15 | 涨跌幅: 2.07% | 成交量: 1995万
2026-02-24 11:17:06,596 - INFO - 时间: 11:17:06 | 价格: 24.15 | 涨跌幅: 2.07% | 成交量: 1995万
2026-02-24 11:17:07,902 - INFO - 时间: 11:17:07 | 价格: 24.15 | 涨跌幅: 2.07% | 成交量: 1995万
2026-02-24 11:17:09,062 - INFO - 时间: 11:17:09 | 价格: 24.15 | 涨跌幅: 2.07% | 成交量: 1995万
2026-02-24 11:17:10,200 - INFO - 时间: 11:17:10 | 价格: 24.15 | 涨跌幅: 2.07% | 成交量: 1995万
2026-02-24 11:17:11,405 - INFO - 时间: 11:17:11 | 价格: 24.15 | 涨跌幅: 2.07% | 成交量: 1995万
2026-02-24 11:17:12,667 - INFO - 时间: 11:17:12 | 价格: 24.15 | 涨跌幅: 2.07% | 成交量: 1995万
2026-02-24 11:17:13,809 - INFO - 时间: 11:17:13 | 价格: 24.15 | 涨跌幅: 2.07% | 成交量: 1995万
2026-02-24 11:17:14,999 - INFO - 时间: 11:17:14 | 价格: 24.15 | 涨跌幅: 2.07% | 成交量: 1995万
2026-02-24 11:17:16,140 - INFO - 时间: 11:17:16 | 价格: 24.15 | 涨跌幅: 2.07% | 成交量: 1995万
2026-02-24 11:17:17,363 - INFO - 时间: 11:17:17 | 价格: 24.15 | 涨跌幅: 2.07% | 成交量: 1995万
2026-02-24 11:17:18,521 - INFO - 时间: 11:17:18 | 价格: 24.15 | 涨跌幅: 2.07% | 成交量: 1995万
2026-02-24 11:17:20,037 - INFO - 时间: 11:17:20 | 价格: 24.15 | 涨跌幅: 2.07% | 成交量: 1995万
2026-02-24 11:17:21,248 - INFO - 时间: 11:17:21 | 价格: 24.15 | 涨跌幅: 2.07% | 成交量: 1995万
2026-02-24 11:17:22,499 - INFO - 时间: 11:17:22 | 价格: 24.15 | 涨跌幅: 2.07% | 成交量: 1995万
2026-02-24 11:17:23,820 - INFO - 时间: 11:17:23 | 价格: 24.15 | 涨跌幅: 2.07% | 成交量: 1995万
2026-02-24 11:17:25,088 - INFO - 时间: 11:17:25 | 价格: 24.15 | 涨跌幅: 2.07% | 成交量: 1995万
2026-02-24 11:17:26,314 - INFO - 时间: 11:17:26 | 价格: 24.15 | 涨跌幅: 2.07% | 成交量: 1995万
2026-02-24 11:17:27,533 - INFO - 时间: 11:17:27 | 价格: 24.15 | 涨跌幅: 2.07% | 成交量: 1995万
2026-02-24 11:17:29,060 - INFO - 时间: 11:17:29 | 价格: 24.15 | 涨跌幅: 2.07% | 成交量: 1995万
2026-02-24 11:17:30,338 - INFO - 时间: 11:17:30 | 价格: 24.15 | 涨跌幅: 2.07% | 成交量: 1995万
2026-02-24 11:17:31,600 - INFO - 时间: 11:17:31 | 价格: 24.15 | 涨跌幅: 2.07% | 成交量: 1995万
2026-02-24 11:17:32,726 - INFO - 时间: 11:17:32 | 价格: 24.15 | 涨跌幅: 2.07% | 成交量: 1995万
2026-02-24 11:17:33,859 - INFO - 时间: 11:17:33 | 价格: 24.15 | 涨跌幅: 2.07% | 成交量: 1995万
2026-02-24 11:17:35,016 - INFO - 时间: 11:17:35 | 价格: 24.15 | 涨跌幅: 2.07% | 成交量: 1995万
2026-02-24 11:17:36,135 - INFO - 时间: 11:17:36 | 价格: 24.15 | 涨跌幅: 2.07% | 成交量: 1995万
2026-02-24 11:17:37,259 - INFO - 时间: 11:17:37 | 价格: 24.15 | 涨跌幅: 2.07% | 成交量: 1995万
2026-02-24 11:17:38,404 - INFO - 时间: 11:17:38 | 价格: 24.15 | 涨跌幅: 2.07% | 成交量: 1995万
2026-02-24 11:17:39,566 - INFO - 时间: 11:17:39 | 价格: 24.15 | 涨跌幅: 2.07% | 成交量: 1995万
2026-02-24 11:17:40,744 - INFO - 时间: 11:17:40 | 价格: 24.15 | 涨跌幅: 2.07% | 成交量: 1995万
2026-02-24 11:17:41,862 - INFO - 时间: 11:17:41 | 价格: 24.15 | 涨跌幅: 2.07% | 成交量: 1995万
2026-02-24 11:17:43,026 - INFO - 时间: 11:17:43 | 价格: 24.15 | 涨跌幅: 2.07% | 成交量: 1995万
2026-02-24 11:17:44,224 - INFO - 时间: 11:17:44 | 价格: 24.15 | 涨跌幅: 2.07% | 成交量: 1995万
2026-02-24 11:17:45,365 - INFO - 时间: 11:17:45 | 价格: 24.15 | 涨跌幅: 2.07% | 成交量: 1995万
2026-02-24 11:17:46,496 - INFO - 时间: 11:17:46 | 价格: 24.15 | 涨跌幅: 2.07% | 成交量: 1995万
2026-02-24 11:17:47,622 - INFO - 时间: 11:17:47 | 价格: 24.15 | 涨跌幅: 2.07% | 成交量: 1995万
2026-02-24 11:17:48,818 - INFO - 时间: 11:17:48 | 价格: 24.15 | 涨跌幅: 2.07% | 成交量: 1995万
2026-02-24 11:17:49,948 - INFO - 时间: 11:17:49 | 价格: 24.15 | 涨跌幅: 2.07% | 成交量: 1995万
2026-02-24 11:17:51,091 - INFO - 时间: 11:17:51 | 价格: 24.15 | 涨跌幅: 2.07% | 成交量: 1995万
2026-02-24 11:17:52,246 - INFO - 时间: 11:17:52 | 价格: 24.15 | 涨跌幅: 2.07% | 成交量: 1995万
2026-02-24 11:17:53,705 - INFO - 时间: 11:17:53 | 价格: 24.15 | 涨跌幅: 2.07% | 成交量: 1995万
2026-02-24 11:17:54,848 - INFO - 时间: 11:17:54 | 价格: 24.15 | 涨跌幅: 2.07% | 成交量: 1995万
2026-02-24 11:17:56,019 - INFO - 时间: 11:17:56 | 价格: 24.15 | 涨跌幅: 2.07% | 成交量: 1995万
2026-02-24 11:17:57,266 - INFO - 时间: 11:17:57 | 价格: 24.15 | 涨跌幅: 2.07% | 成交量: 1995万
2026-02-24 11:17:58,382 - INFO - 时间: 11:17:58 | 价格: 24.15 | 涨跌幅: 2.07% | 成交量: 1995万
2026-02-24 11:17:59,676 - INFO - 时间: 11:17:59 | 价格: 24.15 | 涨跌幅: 2.07% | 成交量: 1995万
2026-02-24 11:18:00,969 - INFO - 时间: 11:18:00 | 价格: 24.15 | 涨跌幅: 2.07% | 成交量: 1995万
2026-02-24 11:18:02,099 - INFO - 时间: 11:18:02 | 价格: 24.15 | 涨跌幅: 2.07% | 成交量: 1995万
2026-02-24 11:18:03,251 - INFO - 时间: 11:18:03 | 价格: 24.15 | 涨跌幅: 2.07% | 成交量: 1995万
2026-02-24 11:18:04,400 - INFO - 时间: 11:18:04 | 价格: 24.15 | 涨跌幅: 2.07% | 成交量: 1995万
2026-02-24 11:18:05,826 - INFO - 时间: 11:18:05 | 价格: 24.15 | 涨跌幅: 2.07% | 成交量: 1995万
2026-02-24 11:18:06,947 - INFO - 时间: 11:18:06 | 价格: 24.15 | 涨跌幅: 2.07% | 成交量: 1995万
2026-02-24 11:18:08,088 - INFO - 时间: 11:18:08 | 价格: 24.15 | 涨跌幅: 2.07% | 成交量: 1995万
2026-02-24 11:18:09,298 - INFO - 时间: 11:18:09 | 价格: 24.15 | 涨跌幅: 2.07% | 成交量: 1995万
2026-02-24 11:18:10,524 - INFO - 时间: 11:18:10 | 价格: 24.15 | 涨跌幅: 2.07% | 成交量: 1995万
2026-02-24 11:18:11,667 - INFO - 时间: 11:18:11 | 价格: 24.15 | 涨跌幅: 2.07% | 成交量: 1995万
2026-02-24 11:18:12,800 - INFO - 时间: 11:18:12 | 价格: 24.15 | 涨跌幅: 2.07% | 成交量: 1995万
2026-02-24 11:18:13,969 - INFO - 时间: 11:18:13 | 价格: 24.15 | 涨跌幅: 2.07% | 成交量: 1995万
2026-02-24 11:18:15,251 - INFO - 时间: 11:18:15 | 价格: 24.15 | 涨跌幅: 2.07% | 成交量: 1995万
2026-02-24 11:18:16,462 - INFO - 时间: 11:18:16 | 价格: 24.15 | 涨跌幅: 2.07% | 成交量: 1995万
2026-02-24 11:18:17,629 - INFO - 时间: 11:18:17 | 价格: 24.15 | 涨跌幅: 2.07% | 成交量: 1995万
2026-02-24 11:18:18,799 - INFO - 时间: 11:18:18 | 价格: 24.15 | 涨跌幅: 2.07% | 成交量: 1995万
2026-02-24 11:18:19,944 - INFO - 时间: 11:18:19 | 价格: 24.15 | 涨跌幅: 2.07% | 成交量: 1995万
2026-02-24 11:18:21,074 - INFO - 时间: 11:18:21 | 价格: 24.15 | 涨跌幅: 2.07% | 成交量: 1995万
2026-02-24 11:18:22,257 - INFO - 时间: 11:18:22 | 价格: 24.15 | 涨跌幅: 2.07% | 成交量: 1995万
2026-02-24 11:18:23,741 - INFO - 时间: 11:18:23 | 价格: 24.15 | 涨跌幅: 2.07% | 成交量: 1995万
2026-02-24 11:18:25,223 - INFO - 时间: 11:18:25 | 价格: 24.15 | 涨跌幅: 2.07% | 成交量: 1995万
2026-02-24 11:18:26,354 - INFO - 时间: 11:18:26 | 价格: 24.15 | 涨跌幅: 2.07% | 成交量: 1995万
2026-02-24 11:18:27,531 - INFO - 时间: 11:18:27 | 价格: 24.15 | 涨跌幅: 2.07% | 成交量: 1995万
2026-02-24 11:18:28,683 - INFO - 时间: 11:18:28 | 价格: 24.15 | 涨跌幅: 2.07% | 成交量: 1995万
2026-02-24 11:18:31,005 - INFO - 时间: 11:18:31 | 价格: 24.15 | 涨跌幅: 2.07% | 成交量: 1995万
2026-02-24 11:18:32,221 - INFO - 时间: 11:18:32 | 价格: 24.15 | 涨跌幅: 2.07% | 成交量: 1995万
2026-02-24 11:18:33,417 - INFO - 时间: 11:18:33 | 价格: 24.15 | 涨跌幅: 2.07% | 成交量: 1995万
2026-02-24 11:18:34,568 - INFO - 时间: 11:18:34 | 价格: 24.15 | 涨跌幅: 2.07% | 成交量: 1995万
2026-02-24 11:18:35,719 - INFO - 时间: 11:18:35 | 价格: 24.15 | 涨跌幅: 2.07% | 成交量: 1995万
2026-02-24 11:18:36,903 - INFO - 时间: 11:18:36 | 价格: 24.15 | 涨跌幅: 2.07% | 成交量: 1995万
2026-02-24 11:18:38,082 - INFO - 时间: 11:18:38 | 价格: 24.15 | 涨跌幅: 2.07% | 成交量: 1995万
2026-02-24 11:18:39,226 - INFO - 时间: 11:18:39 | 价格: 24.15 | 涨跌幅: 2.07% | 成交量: 1995万
2026-02-24 11:18:40,345 - INFO - 时间: 11:18:40 | 价格: 24.15 | 涨跌幅: 2.07% | 成交量: 1995万
2026-02-24 11:18:41,484 - INFO - 时间: 11:18:41 | 价格: 24.15 | 涨跌幅: 2.07% | 成交量: 1995万
2026-02-24 11:18:42,730 - INFO - 时间: 11:18:42 | 价格: 24.15 | 涨跌幅: 2.07% | 成交量: 1995万
2026-02-24 11:18:43,857 - INFO - 时间: 11:18:43 | 价格: 24.15 | 涨跌幅: 2.07% | 成交量: 1995万
2026-02-24 11:18:45,102 - INFO - 时间: 11:18:45 | 价格: 24.15 | 涨跌幅: 2.07% | 成交量: 1995万
2026-02-24 11:18:46,266 - INFO - 时间: 11:18:46 | 价格: 24.15 | 涨跌幅: 2.07% | 成交量: 1995万
2026-02-24 11:18:47,402 - INFO - 时间: 11:18:47 | 价格: 24.15 | 涨跌幅: 2.07% | 成交量: 1995万
2026-02-24 11:18:48,575 - INFO - 时间: 11:18:48 | 价格: 24.15 | 涨跌幅: 2.07% | 成交量: 1999万
2026-02-24 11:18:50,067 - INFO - 时间: 11:18:50 | 价格: 24.15 | 涨跌幅: 2.07% | 成交量: 2001万
2026-02-24 11:18:51,212 - INFO - 时间: 11:18:51 | 价格: 24.15 | 涨跌幅: 2.07% | 成交量: 2001万
2026-02-24 11:18:52,406 - INFO - 时间: 11:18:52 | 价格: 24.15 | 涨跌幅: 2.07% | 成交量: 2001万
2026-02-24 11:18:53,562 - INFO - 时间: 11:18:53 | 价格: 24.15 | 涨跌幅: 2.07% | 成交量: 2001万
2026-02-24 11:18:54,716 - INFO - 时间: 11:18:54 | 价格: 24.15 | 涨跌幅: 2.07% | 成交量: 2001万
2026-02-24 11:18:55,907 - INFO - 时间: 11:18:55 | 价格: 24.15 | 涨跌幅: 2.07% | 成交量: 2001万
2026-02-24 11:18:57,028 - INFO - 时间: 11:18:57 | 价格: 24.15 | 涨跌幅: 2.07% | 成交量: 2001万
2026-02-24 11:18:58,175 - INFO - 时间: 11:18:58 | 价格: 24.15 | 涨跌幅: 2.07% | 成交量: 2001万
2026-02-24 11:18:59,303 - INFO - 时间: 11:18:59 | 价格: 24.15 | 涨跌幅: 2.07% | 成交量: 2001万
2026-02-24 11:19:00,466 - INFO - 时间: 11:19:00 | 价格: 24.15 | 涨跌幅: 2.07% | 成交量: 2001万
2026-02-24 11:19:01,721 - INFO - 时间: 11:19:01 | 价格: 24.15 | 涨跌幅: 2.07% | 成交量: 2001万
2026-02-24 11:19:02,867 - INFO - 时间: 11:19:02 | 价格: 24.15 | 涨跌幅: 2.07% | 成交量: 2001万
2026-02-24 11:19:04,055 - INFO - 时间: 11:19:04 | 价格: 24.15 | 涨跌幅: 2.07% | 成交量: 2001万
2026-02-24 11:19:05,204 - INFO - 时间: 11:19:05 | 价格: 24.15 | 涨跌幅: 2.07% | 成交量: 2001万
2026-02-24 11:19:06,447 - INFO - 时间: 11:19:06 | 价格: 24.15 | 涨跌幅: 2.07% | 成交量: 2001万
2026-02-24 11:19:07,593 - INFO - 时间: 11:19:07 | 价格: 24.15 | 涨跌幅: 2.07% | 成交量: 2001万
2026-02-24 11:19:08,836 - INFO - 时间: 11:19:08 | 价格: 24.15 | 涨跌幅: 2.07% | 成交量: 2001万
2026-02-24 11:19:10,079 - INFO - 时间: 11:19:10 | 价格: 24.15 | 涨跌幅: 2.07% | 成交量: 2001万
2026-02-24 11:19:11,310 - INFO - 时间: 11:19:11 | 价格: 24.15 | 涨跌幅: 2.07% | 成交量: 2001万
2026-02-24 11:19:12,440 - INFO - 时间: 11:19:12 | 价格: 24.15 | 涨跌幅: 2.07% | 成交量: 2001万
2026-02-24 11:19:13,586 - INFO - 时间: 11:19:13 | 价格: 24.15 | 涨跌幅: 2.07% | 成交量: 2001万
2026-02-24 11:19:14,708 - INFO - 时间: 11:19:14 | 价格: 24.15 | 涨跌幅: 2.07% | 成交量: 2001万
2026-02-24 11:19:15,901 - INFO - 时间: 11:19:15 | 价格: 24.15 | 涨跌幅: 2.07% | 成交量: 2001万
2026-02-24 11:19:17,034 - INFO - 时间: 11:19:17 | 价格: 24.15 | 涨跌幅: 2.07% | 成交量: 2001万
2026-02-24 11:19:18,181 - INFO - 时间: 11:19:18 | 价格: 24.15 | 涨跌幅: 2.07% | 成交量: 2001万
2026-02-24 11:19:19,624 - INFO - 时间: 11:19:19 | 价格: 24.15 | 涨跌幅: 2.07% | 成交量: 2001万
2026-02-24 11:19:20,786 - INFO - 时间: 11:19:20 | 价格: 24.15 | 涨跌幅: 2.07% | 成交量: 2001万
2026-02-24 11:19:21,948 - INFO - 时间: 11:19:21 | 价格: 24.15 | 涨跌幅: 2.07% | 成交量: 2001万
2026-02-24 11:19:23,074 - INFO - 时间: 11:19:23 | 价格: 24.15 | 涨跌幅: 2.07% | 成交量: 2001万
2026-02-24 11:19:24,218 - INFO - 时间: 11:19:24 | 价格: 24.15 | 涨跌幅: 2.07% | 成交量: 2001万
2026-02-24 11:19:25,481 - INFO - 时间: 11:19:25 | 价格: 24.15 | 涨跌幅: 2.07% | 成交量: 2001万
2026-02-24 11:19:26,621 - INFO - 时间: 11:19:26 | 价格: 24.15 | 涨跌幅: 2.07% | 成交量: 2001万
2026-02-24 11:19:27,789 - INFO - 时间: 11:19:27 | 价格: 24.15 | 涨跌幅: 2.07% | 成交量: 2001万
2026-02-24 11:19:28,922 - INFO - 时间: 11:19:28 | 价格: 24.15 | 涨跌幅: 2.07% | 成交量: 2001万
2026-02-24 11:19:30,109 - INFO - 时间: 11:19:30 | 价格: 24.15 | 涨跌幅: 2.07% | 成交量: 2001万
2026-02-24 11:19:31,264 - INFO - 时间: 11:19:31 | 价格: 24.15 | 涨跌幅: 2.07% | 成交量: 2001万
2026-02-24 11:19:32,405 - INFO - 时间: 11:19:32 | 价格: 24.15 | 涨跌幅: 2.07% | 成交量: 2001万
2026-02-24 11:19:33,549 - INFO - 时间: 11:19:33 | 价格: 24.15 | 涨跌幅: 2.07% | 成交量: 2001万
2026-02-24 11:19:34,659 - INFO - 时间: 11:19:34 | 价格: 24.15 | 涨跌幅: 2.07% | 成交量: 2001万
2026-02-24 11:19:35,791 - INFO - 时间: 11:19:35 | 价格: 24.15 | 涨跌幅: 2.07% | 成交量: 2001万
2026-02-24 11:19:36,929 - INFO - 时间: 11:19:36 | 价格: 24.15 | 涨跌幅: 2.07% | 成交量: 2001万
2026-02-24 11:19:38,140 - INFO - 时间: 11:19:38 | 价格: 24.15 | 涨跌幅: 2.07% | 成交量: 2001万
2026-02-24 11:19:39,299 - INFO - 时间: 11:19:39 | 价格: 24.15 | 涨跌幅: 2.07% | 成交量: 2001万
2026-02-24 11:19:40,440 - INFO - 时间: 11:19:40 | 价格: 24.15 | 涨跌幅: 2.07% | 成交量: 2001万
2026-02-24 11:19:41,614 - INFO - 时间: 11:19:41 | 价格: 24.15 | 涨跌幅: 2.07% | 成交量: 2001万
2026-02-24 11:19:42,732 - INFO - 时间: 11:19:42 | 价格: 24.15 | 涨跌幅: 2.07% | 成交量: 2001万
2026-02-24 11:19:43,850 - INFO - 时间: 11:19:43 | 价格: 24.15 | 涨跌幅: 2.07% | 成交量: 2001万
2026-02-24 11:19:44,985 - INFO - 时间: 11:19:44 | 价格: 24.15 | 涨跌幅: 2.07% | 成交量: 2001万
2026-02-24 11:19:46,127 - INFO - 时间: 11:19:46 | 价格: 24.15 | 涨跌幅: 2.07% | 成交量: 2001万
2026-02-24 11:19:47,605 - INFO - 时间: 11:19:47 | 价格: 24.15 | 涨跌幅: 2.07% | 成交量: 2001万
2026-02-24 11:19:48,743 - INFO - 时间: 11:19:48 | 价格: 24.15 | 涨跌幅: 2.07% | 成交量: 2001万
2026-02-24 11:19:49,874 - INFO - 时间: 11:19:49 | 价格: 24.15 | 涨跌幅: 2.07% | 成交量: 2001万
2026-02-24 11:19:51,000 - INFO - 时间: 11:19:51 | 价格: 24.15 | 涨跌幅: 2.07% | 成交量: 2001万
2026-02-24 11:19:52,120 - INFO - 时间: 11:19:52 | 价格: 24.15 | 涨跌幅: 2.07% | 成交量: 2001万
2026-02-24 11:19:53,290 - INFO - 时间: 11:19:53 | 价格: 24.15 | 涨跌幅: 2.07% | 成交量: 2001万
2026-02-24 11:19:54,386 - INFO - 时间: 11:19:54 | 价格: 24.15 | 涨跌幅: 2.07% | 成交量: 2001万
2026-02-24 11:19:55,528 - INFO - 时间: 11:19:55 | 价格: 24.15 | 涨跌幅: 2.07% | 成交量: 2001万
2026-02-24 11:19:56,645 - INFO - 时间: 11:19:56 | 价格: 24.15 | 涨跌幅: 2.07% | 成交量: 2001万
2026-02-24 11:19:57,766 - INFO - 时间: 11:19:57 | 价格: 24.15 | 涨跌幅: 2.07% | 成交量: 2001万
2026-02-24 11:19:58,924 - INFO - 时间: 11:19:58 | 价格: 24.15 | 涨跌幅: 2.07% | 成交量: 2001万
2026-02-24 11:20:00,033 - INFO - 时间: 11:20:00 | 价格: 24.15 | 涨跌幅: 2.07% | 成交量: 2001万
2026-02-24 11:20:01,143 - INFO - 时间: 11:20:01 | 价格: 24.15 | 涨跌幅: 2.07% | 成交量: 2001万
2026-02-24 11:20:02,249 - INFO - 时间: 11:20:02 | 价格: 24.15 | 涨跌幅: 2.07% | 成交量: 2001万
2026-02-24 11:20:03,375 - INFO - 时间: 11:20:03 | 价格: 24.15 | 涨跌幅: 2.07% | 成交量: 2001万
2026-02-24 11:20:04,506 - INFO - 时间: 11:20:04 | 价格: 24.15 | 涨跌幅: 2.07% | 成交量: 2001万
2026-02-24 11:20:05,643 - INFO - 时间: 11:20:05 | 价格: 24.15 | 涨跌幅: 2.07% | 成交量: 2001万
2026-02-24 11:20:07,116 - INFO - 时间: 11:20:07 | 价格: 24.15 | 涨跌幅: 2.07% | 成交量: 2001万
2026-02-24 11:20:08,234 - INFO - 时间: 11:20:08 | 价格: 24.15 | 涨跌幅: 2.07% | 成交量: 2001万
2026-02-24 11:20:09,418 - INFO - 时间: 11:20:09 | 价格: 24.15 | 涨跌幅: 2.07% | 成交量: 2001万
2026-02-24 11:20:10,584 - INFO - 时间: 11:20:10 | 价格: 24.15 | 涨跌幅: 2.07% | 成交量: 2001万
2026-02-24 11:20:11,753 - INFO - 时间: 11:20:11 | 价格: 24.15 | 涨跌幅: 2.07% | 成交量: 2001万
2026-02-24 11:20:12,880 - INFO - 时间: 11:20:12 | 价格: 24.15 | 涨跌幅: 2.07% | 成交量: 2001万
2026-02-24 11:20:14,005 - INFO - 时间: 11:20:14 | 价格: 24.15 | 涨跌幅: 2.07% | 成交量: 2001万
2026-02-24 11:20:15,132 - INFO - 时间: 11:20:15 | 价格: 24.15 | 涨跌幅: 2.07% | 成交量: 2001万
2026-02-24 11:20:16,260 - INFO - 时间: 11:20:16 | 价格: 24.15 | 涨跌幅: 2.07% | 成交量: 2001万
2026-02-24 11:20:17,396 - INFO - 时间: 11:20:17 | 价格: 24.15 | 涨跌幅: 2.07% | 成交量: 2001万
2026-02-24 11:20:18,527 - INFO - 时间: 11:20:18 | 价格: 24.15 | 涨跌幅: 2.07% | 成交量: 2001万
2026-02-24 11:20:19,664 - INFO - 时间: 11:20:19 | 价格: 24.15 | 涨跌幅: 2.07% | 成交量: 2001万
2026-02-24 11:20:20,792 - INFO - 时间: 11:20:20 | 价格: 24.15 | 涨跌幅: 2.07% | 成交量: 2001万
2026-02-24 11:20:21,931 - INFO - 时间: 11:20:21 | 价格: 24.15 | 涨跌幅: 2.07% | 成交量: 2001万
2026-02-24 11:20:23,065 - INFO - 时间: 11:20:23 | 价格: 24.15 | 涨跌幅: 2.07% | 成交量: 2001万
2026-02-24 11:20:24,519 - INFO - 时间: 11:20:24 | 价格: 24.15 | 涨跌幅: 2.07% | 成交量: 2001万
2026-02-24 11:20:25,644 - INFO - 时间: 11:20:25 | 价格: 24.15 | 涨跌幅: 2.07% | 成交量: 2001万
2026-02-24 11:20:26,801 - INFO - 时间: 11:20:26 | 价格: 24.15 | 涨跌幅: 2.07% | 成交量: 2001万
2026-02-24 11:20:27,963 - INFO - 时间: 11:20:27 | 价格: 24.15 | 涨跌幅: 2.07% | 成交量: 2001万
2026-02-24 11:20:29,105 - INFO - 时间: 11:20:29 | 价格: 24.15 | 涨跌幅: 2.07% | 成交量: 2001万
2026-02-24 11:20:30,281 - INFO - 时间: 11:20:30 | 价格: 24.15 | 涨跌幅: 2.07% | 成交量: 2001万
2026-02-24 11:20:31,425 - INFO - 时间: 11:20:31 | 价格: 24.15 | 涨跌幅: 2.07% | 成交量: 2001万
2026-02-24 11:20:32,568 - INFO - 时间: 11:20:32 | 价格: 24.15 | 涨跌幅: 2.07% | 成交量: 2001万
2026-02-24 11:20:33,695 - INFO - 时间: 11:20:33 | 价格: 24.15 | 涨跌幅: 2.07% | 成交量: 2001万
2026-02-24 11:20:34,852 - INFO - 时间: 11:20:34 | 价格: 24.15 | 涨跌幅: 2.07% | 成交量: 2001万
2026-02-24 11:20:35,998 - INFO - 时间: 11:20:35 | 价格: 24.15 | 涨跌幅: 2.07% | 成交量: 2001万
2026-02-24 11:20:37,177 - INFO - 时间: 11:20:37 | 价格: 24.15 | 涨跌幅: 2.07% | 成交量: 2001万
2026-02-24 11:20:38,433 - INFO - 时间: 11:20:38 | 价格: 24.15 | 涨跌幅: 2.07% | 成交量: 2001万
2026-02-24 11:20:39,545 - INFO - 时间: 11:20:39 | 价格: 24.15 | 涨跌幅: 2.07% | 成交量: 2001万
2026-02-24 11:20:40,690 - INFO - 时间: 11:20:40 | 价格: 24.15 | 涨跌幅: 2.07% | 成交量: 2001万
2026-02-24 11:20:41,849 - INFO - 时间: 11:20:41 | 价格: 24.15 | 涨跌幅: 2.07% | 成交量: 2001万
2026-02-24 11:20:43,013 - INFO - 时间: 11:20:43 | 价格: 24.15 | 涨跌幅: 2.07% | 成交量: 2001万
2026-02-24 11:20:44,176 - INFO - 时间: 11:20:44 | 价格: 24.15 | 涨跌幅: 2.07% | 成交量: 2001万
2026-02-24 11:20:45,358 - INFO - 时间: 11:20:45 | 价格: 24.15 | 涨跌幅: 2.07% | 成交量: 2001万
2026-02-24 11:20:46,519 - INFO - 时间: 11:20:46 | 价格: 24.15 | 涨跌幅: 2.07% | 成交量: 2001万
2026-02-24 11:20:47,641 - INFO - 时间: 11:20:47 | 价格: 24.15 | 涨跌幅: 2.07% | 成交量: 2001万
2026-02-24 11:20:48,766 - INFO - 时间: 11:20:48 | 价格: 24.15 | 涨跌幅: 2.07% | 成交量: 2001万
2026-02-24 11:20:49,893 - INFO - 时间: 11:20:49 | 价格: 24.15 | 涨跌幅: 2.07% | 成交量: 2001万
2026-02-24 11:20:51,045 - INFO - 时间: 11:20:51 | 价格: 24.15 | 涨跌幅: 2.07% | 成交量: 2001万
2026-02-24 11:20:52,256 - INFO - 时间: 11:20:52 | 价格: 24.15 | 涨跌幅: 2.07% | 成交量: 2001万
2026-02-24 11:20:53,455 - INFO - 时间: 11:20:53 | 价格: 24.15 | 涨跌幅: 2.07% | 成交量: 2001万
2026-02-24 11:20:54,619 - INFO - 时间: 11:20:54 | 价格: 24.15 | 涨跌幅: 2.07% | 成交量: 2001万
2026-02-24 11:20:55,848 - INFO - 时间: 11:20:55 | 价格: 24.15 | 涨跌幅: 2.07% | 成交量: 2001万
2026-02-24 11:20:57,038 - INFO - 时间: 11:20:57 | 价格: 24.15 | 涨跌幅: 2.07% | 成交量: 2001万
2026-02-24 11:20:58,165 - INFO - 时间: 11:20:58 | 价格: 24.15 | 涨跌幅: 2.07% | 成交量: 2001万
2026-02-24 11:20:59,273 - INFO - 时间: 11:20:59 | 价格: 24.15 | 涨跌幅: 2.07% | 成交量: 2001万
2026-02-24 11:21:00,394 - INFO - 时间: 11:21:00 | 价格: 24.15 | 涨跌幅: 2.07% | 成交量: 2001万
2026-02-24 11:21:01,541 - INFO - 时间: 11:21:01 | 价格: 24.15 | 涨跌幅: 2.07% | 成交量: 2001万
2026-02-24 11:21:02,694 - INFO - 时间: 11:21:02 | 价格: 24.15 | 涨跌幅: 2.07% | 成交量: 2001万
2026-02-24 11:21:04,823 - INFO - 时间: 11:21:04 | 价格: 24.15 | 涨跌幅: 2.07% | 成交量: 2001万
2026-02-24 11:21:06,253 - INFO - 时间: 11:21:06 | 价格: 24.15 | 涨跌幅: 2.07% | 成交量: 2001万
2026-02-24 11:21:07,422 - INFO - 时间: 11:21:07 | 价格: 24.15 | 涨跌幅: 2.07% | 成交量: 2001万
2026-02-24 11:21:08,537 - INFO - 时间: 11:21:08 | 价格: 24.15 | 涨跌幅: 2.07% | 成交量: 2001万
2026-02-24 11:21:09,993 - INFO - 时间: 11:21:09 | 价格: 24.15 | 涨跌幅: 2.07% | 成交量: 2001万
2026-02-24 11:21:11,113 - INFO - 时间: 11:21:11 | 价格: 24.15 | 涨跌幅: 2.07% | 成交量: 2001万
2026-02-24 11:21:12,241 - INFO - 时间: 11:21:12 | 价格: 24.15 | 涨跌幅: 2.07% | 成交量: 2001万
2026-02-24 11:21:13,453 - INFO - 时间: 11:21:13 | 价格: 24.15 | 涨跌幅: 2.07% | 成交量: 2001万
2026-02-24 11:21:14,587 - INFO - 时间: 11:21:14 | 价格: 24.15 | 涨跌幅: 2.07% | 成交量: 2001万
2026-02-24 11:21:16,070 - INFO - 时间: 11:21:16 | 价格: 24.15 | 涨跌幅: 2.07% | 成交量: 2001万
2026-02-24 11:21:17,259 - INFO - 时间: 11:21:17 | 价格: 24.15 | 涨跌幅: 2.07% | 成交量: 2001万
2026-02-24 11:21:18,396 - INFO - 时间: 11:21:18 | 价格: 24.15 | 涨跌幅: 2.07% | 成交量: 2001万
2026-02-24 11:21:19,513 - INFO - 时间: 11:21:19 | 价格: 24.15 | 涨跌幅: 2.07% | 成交量: 2001万
2026-02-24 11:21:20,658 - INFO - 时间: 11:21:20 | 价格: 24.15 | 涨跌幅: 2.07% | 成交量: 2001万
2026-02-24 11:21:21,826 - INFO - 时间: 11:21:21 | 价格: 24.15 | 涨跌幅: 2.07% | 成交量: 2001万
2026-02-24 11:21:23,281 - INFO - 时间: 11:21:23 | 价格: 24.15 | 涨跌幅: 2.07% | 成交量: 2001万
2026-02-24 11:21:24,404 - INFO - 时间: 11:21:24 | 价格: 24.15 | 涨跌幅: 2.07% | 成交量: 2001万
2026-02-24 11:21:25,618 - INFO - 时间: 11:21:25 | 价格: 24.15 | 涨跌幅: 2.07% | 成交量: 2001万
2026-02-24 11:21:27,734 - INFO - 时间: 11:21:27 | 价格: 24.15 | 涨跌幅: 2.07% | 成交量: 2001万
2026-02-24 11:21:28,902 - INFO - 时间: 11:21:28 | 价格: 24.15 | 涨跌幅: 2.07% | 成交量: 2001万
2026-02-24 11:21:30,203 - INFO - 时间: 11:21:30 | 价格: 24.15 | 涨跌幅: 2.07% | 成交量: 2001万
2026-02-24 11:21:31,340 - INFO - 时间: 11:21:31 | 价格: 24.15 | 涨跌幅: 2.07% | 成交量: 2001万
2026-02-24 11:21:32,498 - INFO - 时间: 11:21:32 | 价格: 24.15 | 涨跌幅: 2.07% | 成交量: 2001万
2026-02-24 11:21:33,987 - INFO - 时间: 11:21:33 | 价格: 24.15 | 涨跌幅: 2.07% | 成交量: 2001万
2026-02-24 11:21:35,172 - INFO - 时间: 11:21:35 | 价格: 24.15 | 涨跌幅: 2.07% | 成交量: 2001万
2026-02-24 11:21:36,296 - INFO - 时间: 11:21:36 | 价格: 24.15 | 涨跌幅: 2.07% | 成交量: 2001万
2026-02-24 11:21:37,717 - INFO - 时间: 11:21:37 | 价格: 24.15 | 涨跌幅: 2.07% | 成交量: 2001万
2026-02-24 11:21:38,984 - INFO - 时间: 11:21:38 | 价格: 24.15 | 涨跌幅: 2.07% | 成交量: 2001万
2026-02-24 11:21:40,194 - INFO - 时间: 11:21:40 | 价格: 24.15 | 涨跌幅: 2.07% | 成交量: 2001万
2026-02-24 11:21:41,315 - INFO - 时间: 11:21:41 | 价格: 24.15 | 涨跌幅: 2.07% | 成交量: 2001万
2026-02-24 11:21:42,588 - INFO - 时间: 11:21:42 | 价格: 24.15 | 涨跌幅: 2.07% | 成交量: 2001万
2026-02-24 11:21:43,731 - INFO - 时间: 11:21:43 | 价格: 24.15 | 涨跌幅: 2.07% | 成交量: 2001万
2026-02-24 11:21:44,910 - INFO - 时间: 11:21:44 | 价格: 24.15 | 涨跌幅: 2.07% | 成交量: 2001万
2026-02-24 11:21:46,380 - INFO - 时间: 11:21:46 | 价格: 24.15 | 涨跌幅: 2.07% | 成交量: 2002万
2026-02-24 11:21:47,617 - INFO - 时间: 11:21:47 | 价格: 24.15 | 涨跌幅: 2.07% | 成交量: 2002万
2026-02-24 11:21:48,732 - INFO - 时间: 11:21:48 | 价格: 24.15 | 涨跌幅: 2.07% | 成交量: 2003万
2026-02-24 11:21:49,900 - INFO - 时间: 11:21:49 | 价格: 24.15 | 涨跌幅: 2.07% | 成交量: 2003万
2026-02-24 11:21:51,051 - INFO - 时间: 11:21:51 | 价格: 24.15 | 涨跌幅: 2.07% | 成交量: 2003万
2026-02-24 11:21:52,180 - INFO - 时间: 11:21:52 | 价格: 24.15 | 涨跌幅: 2.07% | 成交量: 2003万
2026-02-24 11:21:53,333 - INFO - 时间: 11:21:53 | 价格: 24.15 | 涨跌幅: 2.07% | 成交量: 2003万
2026-02-24 11:21:54,634 - INFO - 时间: 11:21:54 | 价格: 24.15 | 涨跌幅: 2.07% | 成交量: 2003万
2026-02-24 11:21:55,810 - INFO - 时间: 11:21:55 | 价格: 24.15 | 涨跌幅: 2.07% | 成交量: 2003万
2026-02-24 11:21:56,951 - INFO - 时间: 11:21:56 | 价格: 24.15 | 涨跌幅: 2.07% | 成交量: 2003万
2026-02-24 11:21:58,069 - INFO - 时间: 11:21:58 | 价格: 24.15 | 涨跌幅: 2.07% | 成交量: 2003万
2026-02-24 11:21:59,227 - INFO - 时间: 11:21:59 | 价格: 24.15 | 涨跌幅: 2.07% | 成交量: 2003万
2026-02-24 11:22:00,378 - INFO - 时间: 11:22:00 | 价格: 24.15 | 涨跌幅: 2.07% | 成交量: 2003万
2026-02-24 11:22:01,509 - INFO - 时间: 11:22:01 | 价格: 24.15 | 涨跌幅: 2.07% | 成交量: 2003万
2026-02-24 11:22:02,701 - INFO - 时间: 11:22:02 | 价格: 24.15 | 涨跌幅: 2.07% | 成交量: 2003万
2026-02-24 11:22:03,876 - INFO - 时间: 11:22:03 | 价格: 24.15 | 涨跌幅: 2.07% | 成交量: 2003万
2026-02-24 11:22:05,015 - INFO - 时间: 11:22:05 | 价格: 24.15 | 涨跌幅: 2.07% | 成交量: 2003万
2026-02-24 11:22:06,480 - INFO - 时间: 11:22:06 | 价格: 24.15 | 涨跌幅: 2.07% | 成交量: 2003万
2026-02-24 11:22:07,659 - INFO - 时间: 11:22:07 | 价格: 24.15 | 涨跌幅: 2.07% | 成交量: 2003万
2026-02-24 11:22:08,987 - INFO - 时间: 11:22:08 | 价格: 24.15 | 涨跌幅: 2.07% | 成交量: 2003万
2026-02-24 11:22:10,121 - INFO - 时间: 11:22:10 | 价格: 24.15 | 涨跌幅: 2.07% | 成交量: 2004万
2026-02-24 11:22:11,244 - INFO - 时间: 11:22:11 | 价格: 24.15 | 涨跌幅: 2.07% | 成交量: 2004万
2026-02-24 11:22:12,548 - INFO - 时间: 11:22:12 | 价格: 24.15 | 涨跌幅: 2.07% | 成交量: 2004万
2026-02-24 11:22:13,673 - INFO - 时间: 11:22:13 | 价格: 24.15 | 涨跌幅: 2.07% | 成交量: 2004万
2026-02-24 11:22:14,847 - INFO - 时间: 11:22:14 | 价格: 24.15 | 涨跌幅: 2.07% | 成交量: 2004万
2026-02-24 11:22:16,006 - INFO - 时间: 11:22:16 | 价格: 24.15 | 涨跌幅: 2.07% | 成交量: 2004万
2026-02-24 11:22:17,119 - INFO - 时间: 11:22:17 | 价格: 24.15 | 涨跌幅: 2.07% | 成交量: 2004万
2026-02-24 11:22:18,243 - INFO - 时间: 11:22:18 | 价格: 24.15 | 涨跌幅: 2.07% | 成交量: 2004万
2026-02-24 11:22:19,394 - INFO - 时间: 11:22:19 | 价格: 24.15 | 涨跌幅: 2.07% | 成交量: 2004万
2026-02-24 11:22:20,542 - INFO - 时间: 11:22:20 | 价格: 24.15 | 涨跌幅: 2.07% | 成交量: 2004万
2026-02-24 11:22:21,729 - INFO - 时间: 11:22:21 | 价格: 24.15 | 涨跌幅: 2.07% | 成交量: 2004万
2026-02-24 11:22:22,855 - INFO - 时间: 11:22:22 | 价格: 24.15 | 涨跌幅: 2.07% | 成交量: 2004万
2026-02-24 11:22:24,017 - INFO - 时间: 11:22:24 | 价格: 24.15 | 涨跌幅: 2.07% | 成交量: 2004万
2026-02-24 11:22:25,129 - INFO - 时间: 11:22:25 | 价格: 24.15 | 涨跌幅: 2.07% | 成交量: 2004万
2026-02-24 11:22:26,542 - INFO - 时间: 11:22:26 | 价格: 24.15 | 涨跌幅: 2.07% | 成交量: 2004万
2026-02-24 11:22:27,756 - INFO - 时间: 11:22:27 | 价格: 24.15 | 涨跌幅: 2.07% | 成交量: 2004万
2026-02-24 11:22:28,898 - INFO - 时间: 11:22:28 | 价格: 24.15 | 涨跌幅: 2.07% | 成交量: 2004万
2026-02-24 11:22:30,017 - INFO - 时间: 11:22:30 | 价格: 24.15 | 涨跌幅: 2.07% | 成交量: 2004万
2026-02-24 11:22:31,151 - INFO - 时间: 11:22:31 | 价格: 24.15 | 涨跌幅: 2.07% | 成交量: 2004万
2026-02-24 11:22:32,279 - INFO - 时间: 11:22:32 | 价格: 24.15 | 涨跌幅: 2.07% | 成交量: 2004万
2026-02-24 11:22:33,455 - INFO - 时间: 11:22:33 | 价格: 24.15 | 涨跌幅: 2.07% | 成交量: 2004万
2026-02-24 11:22:34,588 - INFO - 时间: 11:22:34 | 价格: 24.15 | 涨跌幅: 2.07% | 成交量: 2004万
2026-02-24 11:22:35,736 - INFO - 时间: 11:22:35 | 价格: 24.15 | 涨跌幅: 2.07% | 成交量: 2004万
2026-02-24 11:22:36,904 - INFO - 时间: 11:22:36 | 价格: 24.15 | 涨跌幅: 2.07% | 成交量: 2004万
2026-02-24 11:22:38,071 - INFO - 时间: 11:22:38 | 价格: 24.15 | 涨跌幅: 2.07% | 成交量: 2004万
2026-02-24 11:22:39,197 - INFO - 时间: 11:22:39 | 价格: 24.15 | 涨跌幅: 2.07% | 成交量: 2004万
2026-02-24 11:22:40,327 - INFO - 时间: 11:22:40 | 价格: 24.15 | 涨跌幅: 2.07% | 成交量: 2004万
2026-02-24 11:22:41,455 - INFO - 时间: 11:22:41 | 价格: 24.15 | 涨跌幅: 2.07% | 成交量: 2004万
2026-02-24 11:22:42,603 - INFO - 时间: 11:22:42 | 价格: 24.15 | 涨跌幅: 2.07% | 成交量: 2004万
2026-02-24 11:22:43,735 - INFO - 时间: 11:22:43 | 价格: 24.15 | 涨跌幅: 2.07% | 成交量: 2004万
2026-02-24 11:22:44,916 - INFO - 时间: 11:22:44 | 价格: 24.15 | 涨跌幅: 2.07% | 成交量: 2004万
2026-02-24 11:22:46,031 - INFO - 时间: 11:22:46 | 价格: 24.15 | 涨跌幅: 2.07% | 成交量: 2004万
2026-02-24 11:22:47,182 - INFO - 时间: 11:22:47 | 价格: 24.15 | 涨跌幅: 2.07% | 成交量: 2004万
2026-02-24 11:22:48,305 - INFO - 时间: 11:22:48 | 价格: 24.15 | 涨跌幅: 2.07% | 成交量: 2004万
2026-02-24 11:22:49,429 - INFO - 时间: 11:22:49 | 价格: 24.15 | 涨跌幅: 2.07% | 成交量: 2004万
2026-02-24 11:22:50,549 - INFO - 时间: 11:22:50 | 价格: 24.15 | 涨跌幅: 2.07% | 成交量: 2004万
2026-02-24 11:22:51,665 - INFO - 时间: 11:22:51 | 价格: 24.15 | 涨跌幅: 2.07% | 成交量: 2004万
2026-02-24 11:22:52,783 - INFO - 时间: 11:22:52 | 价格: 24.11 | 涨跌幅: 1.9% | 成交量: 2034万
2026-02-24 11:22:53,908 - INFO - 时间: 11:22:53 | 价格: 24.11 | 涨跌幅: 1.9% | 成交量: 2034万
2026-02-24 11:22:55,056 - INFO - 时间: 11:22:55 | 价格: 24.11 | 涨跌幅: 1.9% | 成交量: 2034万
2026-02-24 11:22:56,200 - INFO - 时间: 11:22:56 | 价格: 24.11 | 涨跌幅: 1.9% | 成交量: 2038万
2026-02-24 11:22:57,321 - INFO - 时间: 11:22:57 | 价格: 24.11 | 涨跌幅: 1.9% | 成交量: 2038万
2026-02-24 11:22:58,445 - INFO - 时间: 11:22:58 | 价格: 24.11 | 涨跌幅: 1.9% | 成交量: 2038万
2026-02-24 11:22:59,581 - INFO - 时间: 11:22:59 | 价格: 24.11 | 涨跌幅: 1.9% | 成交量: 2038万
2026-02-24 11:23:00,713 - INFO - 时间: 11:23:00 | 价格: 24.11 | 涨跌幅: 1.9% | 成交量: 2038万
2026-02-24 11:23:01,841 - INFO - 时间: 11:23:01 | 价格: 24.11 | 涨跌幅: 1.9% | 成交量: 2038万
2026-02-24 11:23:02,950 - INFO - 时间: 11:23:02 | 价格: 24.11 | 涨跌幅: 1.9% | 成交量: 2038万
2026-02-24 11:23:04,065 - INFO - 时间: 11:23:04 | 价格: 24.11 | 涨跌幅: 1.9% | 成交量: 2038万
2026-02-24 11:23:05,169 - INFO - 时间: 11:23:05 | 价格: 24.11 | 涨跌幅: 1.9% | 成交量: 2038万
2026-02-24 11:23:06,313 - INFO - 时间: 11:23:06 | 价格: 24.11 | 涨跌幅: 1.9% | 成交量: 2038万
2026-02-24 11:23:07,438 - INFO - 时间: 11:23:07 | 价格: 24.11 | 涨跌幅: 1.9% | 成交量: 2038万
2026-02-24 11:23:08,570 - INFO - 时间: 11:23:08 | 价格: 24.11 | 涨跌幅: 1.9% | 成交量: 2038万
2026-02-24 11:23:09,703 - INFO - 时间: 11:23:09 | 价格: 24.11 | 涨跌幅: 1.9% | 成交量: 2038万
2026-02-24 11:23:10,806 - INFO - 时间: 11:23:10 | 价格: 24.11 | 涨跌幅: 1.9% | 成交量: 2038万
2026-02-24 11:23:11,936 - INFO - 时间: 11:23:11 | 价格: 24.11 | 涨跌幅: 1.9% | 成交量: 2038万
2026-02-24 11:23:13,088 - INFO - 时间: 11:23:13 | 价格: 24.11 | 涨跌幅: 1.9% | 成交量: 2038万
2026-02-24 11:23:14,222 - INFO - 时间: 11:23:14 | 价格: 24.11 | 涨跌幅: 1.9% | 成交量: 2038万
2026-02-24 11:23:15,358 - INFO - 时间: 11:23:15 | 价格: 24.11 | 涨跌幅: 1.9% | 成交量: 2038万
2026-02-24 11:23:16,474 - INFO - 时间: 11:23:16 | 价格: 24.11 | 涨跌幅: 1.9% | 成交量: 2038万
2026-02-24 11:23:17,590 - INFO - 时间: 11:23:17 | 价格: 24.11 | 涨跌幅: 1.9% | 成交量: 2038万
2026-02-24 11:23:18,702 - INFO - 时间: 11:23:18 | 价格: 24.11 | 涨跌幅: 1.9% | 成交量: 2038万
2026-02-24 11:23:19,803 - INFO - 时间: 11:23:19 | 价格: 24.11 | 涨跌幅: 1.9% | 成交量: 2038万
2026-02-24 11:23:20,950 - INFO - 时间: 11:23:20 | 价格: 24.11 | 涨跌幅: 1.9% | 成交量: 2038万
2026-02-24 11:23:22,117 - INFO - 时间: 11:23:22 | 价格: 24.11 | 涨跌幅: 1.9% | 成交量: 2038万
2026-02-24 11:23:23,262 - INFO - 时间: 11:23:23 | 价格: 24.11 | 涨跌幅: 1.9% | 成交量: 2038万
2026-02-24 11:23:24,382 - INFO - 时间: 11:23:24 | 价格: 24.11 | 涨跌幅: 1.9% | 成交量: 2038万
2026-02-24 11:23:25,535 - INFO - 时间: 11:23:25 | 价格: 24.11 | 涨跌幅: 1.9% | 成交量: 2038万
2026-02-24 11:23:26,652 - INFO - 时间: 11:23:26 | 价格: 24.11 | 涨跌幅: 1.9% | 成交量: 2038万
2026-02-24 11:23:27,767 - INFO - 时间: 11:23:27 | 价格: 24.11 | 涨跌幅: 1.9% | 成交量: 2038万
2026-02-24 11:23:28,907 - INFO - 时间: 11:23:28 | 价格: 24.11 | 涨跌幅: 1.9% | 成交量: 2038万
2026-02-24 11:23:30,056 - INFO - 时间: 11:23:30 | 价格: 24.11 | 涨跌幅: 1.9% | 成交量: 2038万
2026-02-24 11:23:31,161 - INFO - 时间: 11:23:31 | 价格: 24.11 | 涨跌幅: 1.9% | 成交量: 2038万
2026-02-24 11:23:32,302 - INFO - 时间: 11:23:32 | 价格: 24.11 | 涨跌幅: 1.9% | 成交量: 2038万
2026-02-24 11:23:33,433 - INFO - 时间: 11:23:33 | 价格: 24.11 | 涨跌幅: 1.9% | 成交量: 2038万
2026-02-24 11:23:34,578 - INFO - 时间: 11:23:34 | 价格: 24.11 | 涨跌幅: 1.9% | 成交量: 2038万
2026-02-24 11:23:35,709 - INFO - 时间: 11:23:35 | 价格: 24.11 | 涨跌幅: 1.9% | 成交量: 2038万
2026-02-24 11:23:36,877 - INFO - 时间: 11:23:36 | 价格: 24.11 | 涨跌幅: 1.9% | 成交量: 2038万
2026-02-24 11:23:37,989 - INFO - 时间: 11:23:37 | 价格: 24.11 | 涨跌幅: 1.9% | 成交量: 2038万
2026-02-24 11:23:39,097 - INFO - 时间: 11:23:39 | 价格: 24.11 | 涨跌幅: 1.9% | 成交量: 2038万
2026-02-24 11:23:40,229 - INFO - 时间: 11:23:40 | 价格: 24.11 | 涨跌幅: 1.9% | 成交量: 2038万
2026-02-24 11:23:41,401 - INFO - 时间: 11:23:41 | 价格: 24.11 | 涨跌幅: 1.9% | 成交量: 2038万
2026-02-24 11:23:42,506 - INFO - 时间: 11:23:42 | 价格: 24.11 | 涨跌幅: 1.9% | 成交量: 2038万
2026-02-24 11:23:43,625 - INFO - 时间: 11:23:43 | 价格: 24.11 | 涨跌幅: 1.9% | 成交量: 2038万
2026-02-24 11:23:44,742 - INFO - 时间: 11:23:44 | 价格: 24.11 | 涨跌幅: 1.9% | 成交量: 2038万
2026-02-24 11:23:45,851 - INFO - 时间: 11:23:45 | 价格: 24.11 | 涨跌幅: 1.9% | 成交量: 2038万
2026-02-24 11:23:46,992 - INFO - 时间: 11:23:46 | 价格: 24.11 | 涨跌幅: 1.9% | 成交量: 2038万
2026-02-24 11:23:48,109 - INFO - 时间: 11:23:48 | 价格: 24.11 | 涨跌幅: 1.9% | 成交量: 2038万
2026-02-24 11:23:49,258 - INFO - 时间: 11:23:49 | 价格: 24.11 | 涨跌幅: 1.9% | 成交量: 2038万
2026-02-24 11:23:50,396 - INFO - 时间: 11:23:50 | 价格: 24.11 | 涨跌幅: 1.9% | 成交量: 2038万
2026-02-24 11:23:51,518 - INFO - 时间: 11:23:51 | 价格: 24.11 | 涨跌幅: 1.9% | 成交量: 2038万
2026-02-24 11:23:52,644 - INFO - 时间: 11:23:52 | 价格: 24.11 | 涨跌幅: 1.9% | 成交量: 2038万
2026-02-24 11:23:53,767 - INFO - 时间: 11:23:53 | 价格: 24.11 | 涨跌幅: 1.9% | 成交量: 2038万
2026-02-24 11:23:54,880 - INFO - 时间: 11:23:54 | 价格: 24.11 | 涨跌幅: 1.9% | 成交量: 2038万
2026-02-24 11:23:55,999 - INFO - 时间: 11:23:55 | 价格: 24.11 | 涨跌幅: 1.9% | 成交量: 2038万
2026-02-24 11:23:57,102 - INFO - 时间: 11:23:57 | 价格: 24.11 | 涨跌幅: 1.9% | 成交量: 2038万
2026-02-24 11:23:58,244 - INFO - 时间: 11:23:58 | 价格: 24.11 | 涨跌幅: 1.9% | 成交量: 2038万
2026-02-24 11:23:59,368 - INFO - 时间: 11:23:59 | 价格: 24.11 | 涨跌幅: 1.9% | 成交量: 2038万
2026-02-24 11:24:00,495 - INFO - 时间: 11:24:00 | 价格: 24.11 | 涨跌幅: 1.9% | 成交量: 2038万
2026-02-24 11:24:01,608 - INFO - 时间: 11:24:01 | 价格: 24.11 | 涨跌幅: 1.9% | 成交量: 2038万
2026-02-24 11:24:02,733 - INFO - 时间: 11:24:02 | 价格: 24.11 | 涨跌幅: 1.9% | 成交量: 2038万
2026-02-24 11:24:04,163 - INFO - 时间: 11:24:04 | 价格: 24.11 | 涨跌幅: 1.9% | 成交量: 2038万
2026-02-24 11:24:05,292 - INFO - 时间: 11:24:05 | 价格: 24.11 | 涨跌幅: 1.9% | 成交量: 2038万
2026-02-24 11:24:06,430 - INFO - 时间: 11:24:06 | 价格: 24.11 | 涨跌幅: 1.9% | 成交量: 2038万
2026-02-24 11:24:07,579 - INFO - 时间: 11:24:07 | 价格: 24.11 | 涨跌幅: 1.9% | 成交量: 2038万
2026-02-24 11:24:08,726 - INFO - 时间: 11:24:08 | 价格: 24.11 | 涨跌幅: 1.9% | 成交量: 2038万
2026-02-24 11:24:10,187 - INFO - 时间: 11:24:10 | 价格: 24.11 | 涨跌幅: 1.9% | 成交量: 2038万
2026-02-24 11:24:11,298 - INFO - 时间: 11:24:11 | 价格: 24.11 | 涨跌幅: 1.9% | 成交量: 2038万
2026-02-24 11:24:12,418 - INFO - 时间: 11:24:12 | 价格: 24.11 | 涨跌幅: 1.9% | 成交量: 2038万
2026-02-24 11:24:13,541 - INFO - 时间: 11:24:13 | 价格: 24.11 | 涨跌幅: 1.9% | 成交量: 2038万
2026-02-24 11:24:14,655 - INFO - 时间: 11:24:14 | 价格: 24.11 | 涨跌幅: 1.9% | 成交量: 2038万
2026-02-24 11:24:15,765 - INFO - 时间: 11:24:15 | 价格: 24.11 | 涨跌幅: 1.9% | 成交量: 2038万
2026-02-24 11:24:16,931 - INFO - 时间: 11:24:16 | 价格: 24.11 | 涨跌幅: 1.9% | 成交量: 2038万
2026-02-24 11:24:18,095 - INFO - 时间: 11:24:18 | 价格: 24.11 | 涨跌幅: 1.9% | 成交量: 2038万
2026-02-24 11:24:19,248 - INFO - 时间: 11:24:19 | 价格: 24.11 | 涨跌幅: 1.9% | 成交量: 2038万
2026-02-24 11:24:20,365 - INFO - 时间: 11:24:20 | 价格: 24.11 | 涨跌幅: 1.9% | 成交量: 2038万
2026-02-24 11:24:21,508 - INFO - 时间: 11:24:21 | 价格: 24.11 | 涨跌幅: 1.9% | 成交量: 2038万
2026-02-24 11:24:22,616 - INFO - 时间: 11:24:22 | 价格: 24.11 | 涨跌幅: 1.9% | 成交量: 2038万
2026-02-24 11:24:23,741 - INFO - 时间: 11:24:23 | 价格: 24.11 | 涨跌幅: 1.9% | 成交量: 2038万
2026-02-24 11:24:24,890 - INFO - 时间: 11:24:24 | 价格: 24.11 | 涨跌幅: 1.9% | 成交量: 2038万
2026-02-24 11:24:25,997 - INFO - 时间: 11:24:25 | 价格: 24.15 | 涨跌幅: 2.07% | 成交量: 2038万
2026-02-24 11:24:27,100 - INFO - 时间: 11:24:27 | 价格: 24.15 | 涨跌幅: 2.07% | 成交量: 2038万
2026-02-24 11:24:28,211 - INFO - 时间: 11:24:28 | 价格: 24.15 | 涨跌幅: 2.07% | 成交量: 2038万
2026-02-24 11:24:29,319 - INFO - 时间: 11:24:29 | 价格: 24.15 | 涨跌幅: 2.07% | 成交量: 2038万
2026-02-24 11:24:30,473 - INFO - 时间: 11:24:30 | 价格: 24.15 | 涨跌幅: 2.07% | 成交量: 2038万
2026-02-24 11:24:31,589 - INFO - 时间: 11:24:31 | 价格: 24.15 | 涨跌幅: 2.07% | 成交量: 2038万
2026-02-24 11:24:32,733 - INFO - 时间: 11:24:32 | 价格: 24.15 | 涨跌幅: 2.07% | 成交量: 2038万
2026-02-24 11:24:33,855 - INFO - 时间: 11:24:33 | 价格: 24.15 | 涨跌幅: 2.07% | 成交量: 2038万
2026-02-24 11:24:34,982 - INFO - 时间: 11:24:34 | 价格: 24.15 | 涨跌幅: 2.07% | 成交量: 2038万
2026-02-24 11:24:36,099 - INFO - 时间: 11:24:36 | 价格: 24.15 | 涨跌幅: 2.07% | 成交量: 2038万
2026-02-24 11:24:37,534 - INFO - 时间: 11:24:37 | 价格: 24.15 | 涨跌幅: 2.07% | 成交量: 2038万
2026-02-24 11:24:38,679 - INFO - 时间: 11:24:38 | 价格: 24.15 | 涨跌幅: 2.07% | 成交量: 2038万
2026-02-24 11:24:39,786 - INFO - 时间: 11:24:39 | 价格: 24.15 | 涨跌幅: 2.07% | 成交量: 2038万
2026-02-24 11:24:40,899 - INFO - 时间: 11:24:40 | 价格: 24.15 | 涨跌幅: 2.07% | 成交量: 2038万
2026-02-24 11:24:42,049 - INFO - 时间: 11:24:42 | 价格: 24.15 | 涨跌幅: 2.07% | 成交量: 2038万
2026-02-24 11:24:43,216 - INFO - 时间: 11:24:43 | 价格: 24.15 | 涨跌幅: 2.07% | 成交量: 2038万
2026-02-24 11:24:44,327 - INFO - 时间: 11:24:44 | 价格: 24.15 | 涨跌幅: 2.07% | 成交量: 2038万
2026-02-24 11:24:45,461 - INFO - 时间: 11:24:45 | 价格: 24.15 | 涨跌幅: 2.07% | 成交量: 2038万
2026-02-24 11:24:46,596 - INFO - 时间: 11:24:46 | 价格: 24.15 | 涨跌幅: 2.07% | 成交量: 2038万
2026-02-24 11:24:47,724 - INFO - 时间: 11:24:47 | 价格: 24.15 | 涨跌幅: 2.07% | 成交量: 2038万
2026-02-24 11:24:48,839 - INFO - 时间: 11:24:48 | 价格: 24.15 | 涨跌幅: 2.07% | 成交量: 2038万
2026-02-24 11:24:49,937 - INFO - 时间: 11:24:49 | 价格: 24.15 | 涨跌幅: 2.07% | 成交量: 2038万
2026-02-24 11:24:51,117 - INFO - 时间: 11:24:51 | 价格: 24.15 | 涨跌幅: 2.07% | 成交量: 2038万
2026-02-24 11:24:52,544 - INFO - 时间: 11:24:52 | 价格: 24.15 | 涨跌幅: 2.07% | 成交量: 2038万
2026-02-24 11:24:53,716 - INFO - 时间: 11:24:53 | 价格: 24.15 | 涨跌幅: 2.07% | 成交量: 2038万
2026-02-24 11:24:54,892 - INFO - 时间: 11:24:54 | 价格: 24.15 | 涨跌幅: 2.07% | 成交量: 2038万
2026-02-24 11:24:56,016 - INFO - 时间: 11:24:56 | 价格: 24.15 | 涨跌幅: 2.07% | 成交量: 2038万
2026-02-24 11:24:57,129 - INFO - 时间: 11:24:57 | 价格: 24.15 | 涨跌幅: 2.07% | 成交量: 2038万
2026-02-24 11:24:58,245 - INFO - 时间: 11:24:58 | 价格: 24.15 | 涨跌幅: 2.07% | 成交量: 2038万
2026-02-24 11:24:59,368 - INFO - 时间: 11:24:59 | 价格: 24.15 | 涨跌幅: 2.07% | 成交量: 2038万
2026-02-24 11:25:00,534 - INFO - 时间: 11:25:00 | 价格: 24.15 | 涨跌幅: 2.07% | 成交量: 2038万
2026-02-24 11:25:01,670 - INFO - 时间: 11:25:01 | 价格: 24.15 | 涨跌幅: 2.07% | 成交量: 2038万
2026-02-24 11:25:02,804 - INFO - 时间: 11:25:02 | 价格: 24.15 | 涨跌幅: 2.07% | 成交量: 2038万
2026-02-24 11:25:03,935 - INFO - 时间: 11:25:03 | 价格: 24.15 | 涨跌幅: 2.07% | 成交量: 2038万
2026-02-24 11:25:05,139 - INFO - 时间: 11:25:05 | 价格: 24.15 | 涨跌幅: 2.07% | 成交量: 2038万
2026-02-24 11:25:06,247 - INFO - 时间: 11:25:06 | 价格: 24.15 | 涨跌幅: 2.07% | 成交量: 2038万
2026-02-24 11:25:07,383 - INFO - 时间: 11:25:07 | 价格: 24.15 | 涨跌幅: 2.07% | 成交量: 2038万
2026-02-24 11:25:08,547 - INFO - 时间: 11:25:08 | 价格: 24.15 | 涨跌幅: 2.07% | 成交量: 2038万
2026-02-24 11:25:09,664 - INFO - 时间: 11:25:09 | 价格: 24.15 | 涨跌幅: 2.07% | 成交量: 2038万
2026-02-24 11:25:10,791 - INFO - 时间: 11:25:10 | 价格: 24.15 | 涨跌幅: 2.07% | 成交量: 2038万
2026-02-24 11:25:11,908 - INFO - 时间: 11:25:11 | 价格: 24.15 | 涨跌幅: 2.07% | 成交量: 2038万
2026-02-24 11:25:13,014 - INFO - 时间: 11:25:13 | 价格: 24.15 | 涨跌幅: 2.07% | 成交量: 2038万
2026-02-24 11:25:14,131 - INFO - 时间: 11:25:14 | 价格: 24.15 | 涨跌幅: 2.07% | 成交量: 2038万
2026-02-24 11:25:15,260 - INFO - 时间: 11:25:15 | 价格: 24.15 | 涨跌幅: 2.07% | 成交量: 2038万
2026-02-24 11:25:16,378 - INFO - 时间: 11:25:16 | 价格: 24.11 | 涨跌幅: 1.9% | 成交量: 2039万
2026-02-24 11:25:17,533 - INFO - 时间: 11:25:17 | 价格: 24.11 | 涨跌幅: 1.9% | 成交量: 2039万
2026-02-24 11:25:18,715 - INFO - 时间: 11:25:18 | 价格: 24.11 | 涨跌幅: 1.9% | 成交量: 2039万
2026-02-24 11:25:19,829 - INFO - 时间: 11:25:19 | 价格: 24.11 | 涨跌幅: 1.9% | 成交量: 2039万
2026-02-24 11:25:20,946 - INFO - 时间: 11:25:20 | 价格: 24.11 | 涨跌幅: 1.9% | 成交量: 2039万
2026-02-24 11:25:22,059 - INFO - 时间: 11:25:22 | 价格: 24.11 | 涨跌幅: 1.9% | 成交量: 2039万
2026-02-24 11:25:23,186 - INFO - 时间: 11:25:23 | 价格: 24.11 | 涨跌幅: 1.9% | 成交量: 2039万
2026-02-24 11:25:24,299 - INFO - 时间: 11:25:24 | 价格: 24.11 | 涨跌幅: 1.9% | 成交量: 2039万
2026-02-24 11:25:25,445 - INFO - 时间: 11:25:25 | 价格: 24.12 | 涨跌幅: 1.94% | 成交量: 2044万
2026-02-24 11:25:26,564 - INFO - 时间: 11:25:26 | 价格: 24.12 | 涨跌幅: 1.94% | 成交量: 2044万
2026-02-24 11:25:27,678 - INFO - 时间: 11:25:27 | 价格: 24.12 | 涨跌幅: 1.94% | 成交量: 2044万
2026-02-24 11:25:28,888 - INFO - 时间: 11:25:28 | 价格: 24.12 | 涨跌幅: 1.94% | 成交量: 2044万
2026-02-24 11:25:30,011 - INFO - 时间: 11:25:30 | 价格: 24.12 | 涨跌幅: 1.94% | 成交量: 2044万
2026-02-24 11:25:31,125 - INFO - 时间: 11:25:31 | 价格: 24.12 | 涨跌幅: 1.94% | 成交量: 2044万
2026-02-24 11:25:32,240 - INFO - 时间: 11:25:32 | 价格: 24.12 | 涨跌幅: 1.94% | 成交量: 2044万
2026-02-24 11:25:33,387 - INFO - 时间: 11:25:33 | 价格: 24.12 | 涨跌幅: 1.94% | 成交量: 2044万
2026-02-24 11:25:34,522 - INFO - 时间: 11:25:34 | 价格: 24.12 | 涨跌幅: 1.94% | 成交量: 2044万
2026-02-24 11:25:35,678 - INFO - 时间: 11:25:35 | 价格: 24.12 | 涨跌幅: 1.94% | 成交量: 2044万
2026-02-24 11:25:36,783 - INFO - 时间: 11:25:36 | 价格: 24.12 | 涨跌幅: 1.94% | 成交量: 2044万
2026-02-24 11:25:37,902 - INFO - 时间: 11:25:37 | 价格: 24.12 | 涨跌幅: 1.94% | 成交量: 2044万
2026-02-24 11:25:38,999 - INFO - 时间: 11:25:38 | 价格: 24.12 | 涨跌幅: 1.94% | 成交量: 2044万
2026-02-24 11:25:40,121 - INFO - 时间: 11:25:40 | 价格: 24.12 | 涨跌幅: 1.94% | 成交量: 2044万
2026-02-24 11:25:41,218 - INFO - 时间: 11:25:41 | 价格: 24.12 | 涨跌幅: 1.94% | 成交量: 2044万
2026-02-24 11:25:42,339 - INFO - 时间: 11:25:42 | 价格: 24.12 | 涨跌幅: 1.94% | 成交量: 2044万
2026-02-24 11:25:43,742 - INFO - 时间: 11:25:43 | 价格: 24.12 | 涨跌幅: 1.94% | 成交量: 2044万
2026-02-24 11:25:44,842 - INFO - 时间: 11:25:44 | 价格: 24.12 | 涨跌幅: 1.94% | 成交量: 2044万
2026-02-24 11:25:45,942 - INFO - 时间: 11:25:45 | 价格: 24.12 | 涨跌幅: 1.94% | 成交量: 2044万
2026-02-24 11:25:47,045 - INFO - 时间: 11:25:47 | 价格: 24.12 | 涨跌幅: 1.94% | 成交量: 2044万
2026-02-24 11:25:48,143 - INFO - 时间: 11:25:48 | 价格: 24.12 | 涨跌幅: 1.94% | 成交量: 2044万
2026-02-24 11:25:49,278 - INFO - 时间: 11:25:49 | 价格: 24.12 | 涨跌幅: 1.94% | 成交量: 2044万
2026-02-24 11:25:50,380 - INFO - 时间: 11:25:50 | 价格: 24.12 | 涨跌幅: 1.94% | 成交量: 2044万
2026-02-24 11:25:51,490 - INFO - 时间: 11:25:51 | 价格: 24.12 | 涨跌幅: 1.94% | 成交量: 2044万
2026-02-24 11:25:52,605 - INFO - 时间: 11:25:52 | 价格: 24.12 | 涨跌幅: 1.94% | 成交量: 2044万
2026-02-24 11:25:53,722 - INFO - 时间: 11:25:53 | 价格: 24.12 | 涨跌幅: 1.94% | 成交量: 2044万
2026-02-24 11:25:54,834 - INFO - 时间: 11:25:54 | 价格: 24.12 | 涨跌幅: 1.94% | 成交量: 2044万
2026-02-24 11:25:56,253 - INFO - 时间: 11:25:56 | 价格: 24.12 | 涨跌幅: 1.94% | 成交量: 2044万
2026-02-24 11:25:57,358 - INFO - 时间: 11:25:57 | 价格: 24.12 | 涨跌幅: 1.94% | 成交量: 2044万
2026-02-24 11:25:58,457 - INFO - 时间: 11:25:58 | 价格: 24.12 | 涨跌幅: 1.94% | 成交量: 2044万
2026-02-24 11:25:59,549 - INFO - 时间: 11:25:59 | 价格: 24.12 | 涨跌幅: 1.94% | 成交量: 2044万
2026-02-24 11:26:00,647 - INFO - 时间: 11:26:00 | 价格: 24.12 | 涨跌幅: 1.94% | 成交量: 2044万
2026-02-24 11:26:01,753 - INFO - 时间: 11:26:01 | 价格: 24.12 | 涨跌幅: 1.94% | 成交量: 2044万
2026-02-24 11:26:02,851 - INFO - 时间: 11:26:02 | 价格: 24.12 | 涨跌幅: 1.94% | 成交量: 2044万
2026-02-24 11:26:03,942 - INFO - 时间: 11:26:03 | 价格: 24.12 | 涨跌幅: 1.94% | 成交量: 2044万
2026-02-24 11:26:05,042 - INFO - 时间: 11:26:05 | 价格: 24.12 | 涨跌幅: 1.94% | 成交量: 2045万
2026-02-24 11:26:06,142 - INFO - 时间: 11:26:06 | 价格: 24.12 | 涨跌幅: 1.94% | 成交量: 2045万
2026-02-24 11:26:07,268 - INFO - 时间: 11:26:07 | 价格: 24.12 | 涨跌幅: 1.94% | 成交量: 2045万
2026-02-24 11:26:08,377 - INFO - 时间: 11:26:08 | 价格: 24.12 | 涨跌幅: 1.94% | 成交量: 2046万
2026-02-24 11:26:09,511 - INFO - 时间: 11:26:09 | 价格: 24.12 | 涨跌幅: 1.94% | 成交量: 2046万
2026-02-24 11:26:10,613 - INFO - 时间: 11:26:10 | 价格: 24.12 | 涨跌幅: 1.94% | 成交量: 2047万
2026-02-24 11:26:11,719 - INFO - 时间: 11:26:11 | 价格: 24.12 | 涨跌幅: 1.94% | 成交量: 2047万
2026-02-24 11:26:12,831 - INFO - 时间: 11:26:12 | 价格: 24.12 | 涨跌幅: 1.94% | 成交量: 2047万
2026-02-24 11:26:13,971 - INFO - 时间: 11:26:13 | 价格: 24.12 | 涨跌幅: 1.94% | 成交量: 2047万
2026-02-24 11:26:15,078 - INFO - 时间: 11:26:15 | 价格: 24.12 | 涨跌幅: 1.94% | 成交量: 2047万
2026-02-24 11:26:16,187 - INFO - 时间: 11:26:16 | 价格: 24.12 | 涨跌幅: 1.94% | 成交量: 2047万
2026-02-24 11:26:17,639 - INFO - 时间: 11:26:17 | 价格: 24.12 | 涨跌幅: 1.94% | 成交量: 2047万
2026-02-24 11:26:18,784 - INFO - 时间: 11:26:18 | 价格: 24.12 | 涨跌幅: 1.94% | 成交量: 2047万
2026-02-24 11:26:20,205 - INFO - 时间: 11:26:20 | 价格: 24.12 | 涨跌幅: 1.94% | 成交量: 2047万
2026-02-24 11:26:21,330 - INFO - 时间: 11:26:21 | 价格: 24.12 | 涨跌幅: 1.94% | 成交量: 2047万
2026-02-24 11:26:22,426 - INFO - 时间: 11:26:22 | 价格: 24.12 | 涨跌幅: 1.94% | 成交量: 2047万
2026-02-24 11:26:23,524 - INFO - 时间: 11:26:23 | 价格: 24.12 | 涨跌幅: 1.94% | 成交量: 2047万
2026-02-24 11:26:24,658 - INFO - 时间: 11:26:24 | 价格: 24.12 | 涨跌幅: 1.94% | 成交量: 2047万
2026-02-24 11:26:25,798 - INFO - 时间: 11:26:25 | 价格: 24.12 | 涨跌幅: 1.94% | 成交量: 2047万
2026-02-24 11:26:26,964 - INFO - 时间: 11:26:26 | 价格: 24.12 | 涨跌幅: 1.94% | 成交量: 2047万
2026-02-24 11:26:28,084 - INFO - 时间: 11:26:28 | 价格: 24.12 | 涨跌幅: 1.94% | 成交量: 2047万
2026-02-24 11:26:29,212 - INFO - 时间: 11:26:29 | 价格: 24.12 | 涨跌幅: 1.94% | 成交量: 2047万
2026-02-24 11:26:30,342 - INFO - 时间: 11:26:30 | 价格: 24.12 | 涨跌幅: 1.94% | 成交量: 2047万
2026-02-24 11:26:31,768 - INFO - 时间: 11:26:31 | 价格: 24.12 | 涨跌幅: 1.94% | 成交量: 2047万
2026-02-24 11:26:32,885 - INFO - 时间: 11:26:32 | 价格: 24.12 | 涨跌幅: 1.94% | 成交量: 2047万
2026-02-24 11:26:34,087 - INFO - 时间: 11:26:34 | 价格: 24.12 | 涨跌幅: 1.94% | 成交量: 2047万
2026-02-24 11:26:35,239 - INFO - 时间: 11:26:35 | 价格: 24.12 | 涨跌幅: 1.94% | 成交量: 2047万
2026-02-24 11:26:36,386 - INFO - 时间: 11:26:36 | 价格: 24.12 | 涨跌幅: 1.94% | 成交量: 2047万
2026-02-24 11:26:37,521 - INFO - 时间: 11:26:37 | 价格: 24.12 | 涨跌幅: 1.94% | 成交量: 2047万
2026-02-24 11:26:38,638 - INFO - 时间: 11:26:38 | 价格: 24.12 | 涨跌幅: 1.94% | 成交量: 2047万
2026-02-24 11:26:39,763 - INFO - 时间: 11:26:39 | 价格: 24.12 | 涨跌幅: 1.94% | 成交量: 2047万
2026-02-24 11:26:40,877 - INFO - 时间: 11:26:40 | 价格: 24.12 | 涨跌幅: 1.94% | 成交量: 2047万
2026-02-24 11:26:41,996 - INFO - 时间: 11:26:41 | 价格: 24.12 | 涨跌幅: 1.94% | 成交量: 2047万
2026-02-24 11:26:43,103 - INFO - 时间: 11:26:43 | 价格: 24.12 | 涨跌幅: 1.94% | 成交量: 2047万
2026-02-24 11:26:44,229 - INFO - 时间: 11:26:44 | 价格: 24.12 | 涨跌幅: 1.94% | 成交量: 2047万
2026-02-24 11:26:45,347 - INFO - 时间: 11:26:45 | 价格: 24.12 | 涨跌幅: 1.94% | 成交量: 2047万
2026-02-24 11:26:46,469 - INFO - 时间: 11:26:46 | 价格: 24.12 | 涨跌幅: 1.94% | 成交量: 2047万
2026-02-24 11:26:47,570 - INFO - 时间: 11:26:47 | 价格: 24.12 | 涨跌幅: 1.94% | 成交量: 2047万
2026-02-24 11:26:48,676 - INFO - 时间: 11:26:48 | 价格: 24.12 | 涨跌幅: 1.94% | 成交量: 2047万
2026-02-24 11:26:49,835 - INFO - 时间: 11:26:49 | 价格: 24.12 | 涨跌幅: 1.94% | 成交量: 2047万
2026-02-24 11:26:51,409 - INFO - 时间: 11:26:51 | 价格: 24.12 | 涨跌幅: 1.94% | 成交量: 2047万
2026-02-24 11:26:52,565 - INFO - 时间: 11:26:52 | 价格: 24.12 | 涨跌幅: 1.94% | 成交量: 2047万
2026-02-24 11:26:53,692 - INFO - 时间: 11:26:53 | 价格: 24.12 | 涨跌幅: 1.94% | 成交量: 2047万
2026-02-24 11:26:54,838 - INFO - 时间: 11:26:54 | 价格: 24.12 | 涨跌幅: 1.94% | 成交量: 2047万
2026-02-24 11:26:55,935 - INFO - 时间: 11:26:55 | 价格: 24.12 | 涨跌幅: 1.94% | 成交量: 2047万
2026-02-24 11:26:57,038 - INFO - 时间: 11:26:57 | 价格: 24.12 | 涨跌幅: 1.94% | 成交量: 2047万
2026-02-24 11:26:58,149 - INFO - 时间: 11:26:58 | 价格: 24.12 | 涨跌幅: 1.94% | 成交量: 2047万
2026-02-24 11:26:59,250 - INFO - 时间: 11:26:59 | 价格: 24.12 | 涨跌幅: 1.94% | 成交量: 2047万
2026-02-24 11:27:00,409 - INFO - 时间: 11:27:00 | 价格: 24.12 | 涨跌幅: 1.94% | 成交量: 2047万
2026-02-24 11:27:01,550 - INFO - 时间: 11:27:01 | 价格: 24.12 | 涨跌幅: 1.94% | 成交量: 2047万
2026-02-24 11:27:02,657 - INFO - 时间: 11:27:02 | 价格: 24.12 | 涨跌幅: 1.94% | 成交量: 2047万
2026-02-24 11:27:03,812 - INFO - 时间: 11:27:03 | 价格: 24.12 | 涨跌幅: 1.94% | 成交量: 2047万
2026-02-24 11:27:04,932 - INFO - 时间: 11:27:04 | 价格: 24.12 | 涨跌幅: 1.94% | 成交量: 2047万
2026-02-24 11:27:06,059 - INFO - 时间: 11:27:06 | 价格: 24.12 | 涨跌幅: 1.94% | 成交量: 2047万
2026-02-24 11:27:07,167 - INFO - 时间: 11:27:07 | 价格: 24.12 | 涨跌幅: 1.94% | 成交量: 2047万
2026-02-24 11:27:08,262 - INFO - 时间: 11:27:08 | 价格: 24.12 | 涨跌幅: 1.94% | 成交量: 2047万
2026-02-24 11:27:09,354 - INFO - 时间: 11:27:09 | 价格: 24.12 | 涨跌幅: 1.94% | 成交量: 2047万
2026-02-24 11:27:10,465 - INFO - 时间: 11:27:10 | 价格: 24.12 | 涨跌幅: 1.94% | 成交量: 2047万
2026-02-24 11:27:11,574 - INFO - 时间: 11:27:11 | 价格: 24.12 | 涨跌幅: 1.94% | 成交量: 2047万
2026-02-24 11:27:12,683 - INFO - 时间: 11:27:12 | 价格: 24.12 | 涨跌幅: 1.94% | 成交量: 2047万
2026-02-24 11:27:13,776 - INFO - 时间: 11:27:13 | 价格: 24.12 | 涨跌幅: 1.94% | 成交量: 2047万
2026-02-24 11:27:14,873 - INFO - 时间: 11:27:14 | 价格: 24.12 | 涨跌幅: 1.94% | 成交量: 2047万
2026-02-24 11:27:15,968 - INFO - 时间: 11:27:15 | 价格: 24.12 | 涨跌幅: 1.94% | 成交量: 2047万
2026-02-24 11:27:17,071 - INFO - 时间: 11:27:17 | 价格: 24.12 | 涨跌幅: 1.94% | 成交量: 2047万
2026-02-24 11:27:18,170 - INFO - 时间: 11:27:18 | 价格: 24.12 | 涨跌幅: 1.94% | 成交量: 2047万
2026-02-24 11:27:19,267 - INFO - 时间: 11:27:19 | 价格: 24.12 | 涨跌幅: 1.94% | 成交量: 2047万
2026-02-24 11:27:20,380 - INFO - 时间: 11:27:20 | 价格: 24.12 | 涨跌幅: 1.94% | 成交量: 2047万
2026-02-24 11:27:21,477 - INFO - 时间: 11:27:21 | 价格: 24.12 | 涨跌幅: 1.94% | 成交量: 2047万
2026-02-24 11:27:22,572 - INFO - 时间: 11:27:22 | 价格: 24.12 | 涨跌幅: 1.94% | 成交量: 2047万
2026-02-24 11:27:23,674 - INFO - 时间: 11:27:23 | 价格: 24.12 | 涨跌幅: 1.94% | 成交量: 2047万
2026-02-24 11:27:24,769 - INFO - 时间: 11:27:24 | 价格: 24.12 | 涨跌幅: 1.94% | 成交量: 2047万
2026-02-24 11:27:25,900 - INFO - 时间: 11:27:25 | 价格: 24.12 | 涨跌幅: 1.94% | 成交量: 2047万
2026-02-24 11:27:26,996 - INFO - 时间: 11:27:26 | 价格: 24.12 | 涨跌幅: 1.94% | 成交量: 2047万
2026-02-24 11:27:28,098 - INFO - 时间: 11:27:28 | 价格: 24.12 | 涨跌幅: 1.94% | 成交量: 2047万
2026-02-24 11:27:29,203 - INFO - 时间: 11:27:29 | 价格: 24.12 | 涨跌幅: 1.94% | 成交量: 2047万
2026-02-24 11:27:30,306 - INFO - 时间: 11:27:30 | 价格: 24.12 | 涨跌幅: 1.94% | 成交量: 2047万
2026-02-24 11:27:31,424 - INFO - 时间: 11:27:31 | 价格: 24.12 | 涨跌幅: 1.94% | 成交量: 2047万
2026-02-24 11:27:32,519 - INFO - 时间: 11:27:32 | 价格: 24.12 | 涨跌幅: 1.94% | 成交量: 2047万
2026-02-24 11:27:33,622 - INFO - 时间: 11:27:33 | 价格: 24.12 | 涨跌幅: 1.94% | 成交量: 2047万
2026-02-24 11:27:34,720 - INFO - 时间: 11:27:34 | 价格: 24.12 | 涨跌幅: 1.94% | 成交量: 2047万
2026-02-24 11:27:35,819 - INFO - 时间: 11:27:35 | 价格: 24.12 | 涨跌幅: 1.94% | 成交量: 2047万
2026-02-24 11:27:36,918 - INFO - 时间: 11:27:36 | 价格: 24.12 | 涨跌幅: 1.94% | 成交量: 2047万
2026-02-24 11:27:38,013 - INFO - 时间: 11:27:38 | 价格: 24.12 | 涨跌幅: 1.94% | 成交量: 2047万
2026-02-24 11:27:39,125 - INFO - 时间: 11:27:39 | 价格: 24.12 | 涨跌幅: 1.94% | 成交量: 2047万
2026-02-24 11:27:40,444 - INFO - 时间: 11:27:40 | 价格: 24.12 | 涨跌幅: 1.94% | 成交量: 2047万
2026-02-24 11:27:41,546 - INFO - 时间: 11:27:41 | 价格: 24.12 | 涨跌幅: 1.94% | 成交量: 2047万
2026-02-24 11:27:42,649 - INFO - 时间: 11:27:42 | 价格: 24.12 | 涨跌幅: 1.94% | 成交量: 2047万
2026-02-24 11:27:45,175 - INFO - 时间: 11:27:45 | 价格: 24.12 | 涨跌幅: 1.94% | 成交量: 2047万
2026-02-24 11:27:46,786 - INFO - 时间: 11:27:46 | 价格: 24.12 | 涨跌幅: 1.94% | 成交量: 2047万
2026-02-24 11:27:50,250 - INFO - 时间: 11:27:50 | 价格: 24.12 | 涨跌幅: 1.94% | 成交量: 2047万
2026-02-24 11:27:52,581 - INFO - 时间: 11:27:52 | 价格: 24.12 | 涨跌幅: 1.94% | 成交量: 2047万
2026-02-24 11:27:53,686 - INFO - 时间: 11:27:53 | 价格: 24.12 | 涨跌幅: 1.94% | 成交量: 2047万
2026-02-24 11:27:54,790 - INFO - 时间: 11:27:54 | 价格: 24.12 | 涨跌幅: 1.94% | 成交量: 2047万
2026-02-24 11:27:56,057 - INFO - 时间: 11:27:56 | 价格: 24.12 | 涨跌幅: 1.94% | 成交量: 2047万
2026-02-24 11:27:57,155 - INFO - 时间: 11:27:57 | 价格: 24.12 | 涨跌幅: 1.94% | 成交量: 2047万
2026-02-24 11:27:58,256 - INFO - 时间: 11:27:58 | 价格: 24.12 | 涨跌幅: 1.94% | 成交量: 2047万
2026-02-24 11:27:59,421 - INFO - 时间: 11:27:59 | 价格: 24.12 | 涨跌幅: 1.94% | 成交量: 2047万
2026-02-24 11:28:00,561 - INFO - 时间: 11:28:00 | 价格: 24.12 | 涨跌幅: 1.94% | 成交量: 2047万
2026-02-24 11:28:02,680 - INFO - 时间: 11:28:02 | 价格: 24.12 | 涨跌幅: 1.94% | 成交量: 2047万
2026-02-24 11:28:03,778 - INFO - 时间: 11:28:03 | 价格: 24.12 | 涨跌幅: 1.94% | 成交量: 2047万
2026-02-24 11:28:04,884 - INFO - 时间: 11:28:04 | 价格: 24.12 | 涨跌幅: 1.94% | 成交量: 2047万
2026-02-24 11:28:06,001 - INFO - 时间: 11:28:06 | 价格: 24.12 | 涨跌幅: 1.94% | 成交量: 2047万
2026-02-24 11:28:07,098 - INFO - 时间: 11:28:07 | 价格: 24.12 | 涨跌幅: 1.94% | 成交量: 2047万
2026-02-24 11:28:08,196 - INFO - 时间: 11:28:08 | 价格: 24.12 | 涨跌幅: 1.94% | 成交量: 2047万
2026-02-24 11:28:09,291 - INFO - 时间: 11:28:09 | 价格: 24.12 | 涨跌幅: 1.94% | 成交量: 2047万
2026-02-24 11:28:10,388 - INFO - 时间: 11:28:10 | 价格: 24.12 | 涨跌幅: 1.94% | 成交量: 2047万
2026-02-24 11:28:11,495 - INFO - 时间: 11:28:11 | 价格: 24.12 | 涨跌幅: 1.94% | 成交量: 2047万
2026-02-24 11:28:12,627 - INFO - 时间: 11:28:12 | 价格: 24.12 | 涨跌幅: 1.94% | 成交量: 2047万
2026-02-24 11:28:13,750 - INFO - 时间: 11:28:13 | 价格: 24.12 | 涨跌幅: 1.94% | 成交量: 2047万
2026-02-24 11:28:14,873 - INFO - 时间: 11:28:14 | 价格: 24.12 | 涨跌幅: 1.94% | 成交量: 2047万
2026-02-24 11:28:15,986 - INFO - 时间: 11:28:15 | 价格: 24.12 | 涨跌幅: 1.94% | 成交量: 2047万
2026-02-24 11:28:17,086 - INFO - 时间: 11:28:17 | 价格: 24.12 | 涨跌幅: 1.94% | 成交量: 2047万
2026-02-24 11:28:18,182 - INFO - 时间: 11:28:18 | 价格: 24.12 | 涨跌幅: 1.94% | 成交量: 2047万
2026-02-24 11:28:19,274 - INFO - 时间: 11:28:19 | 价格: 24.12 | 涨跌幅: 1.94% | 成交量: 2047万
2026-02-24 11:28:20,376 - INFO - 时间: 11:28:20 | 价格: 24.12 | 涨跌幅: 1.94% | 成交量: 2047万
2026-02-24 11:28:21,470 - INFO - 时间: 11:28:21 | 价格: 24.12 | 涨跌幅: 1.94% | 成交量: 2047万
2026-02-24 11:28:22,584 - INFO - 时间: 11:28:22 | 价格: 24.13 | 涨跌幅: 1.99% | 成交量: 2047万
2026-02-24 11:28:23,707 - INFO - 时间: 11:28:23 | 价格: 24.13 | 涨跌幅: 1.99% | 成交量: 2047万
2026-02-24 11:28:24,803 - INFO - 时间: 11:28:24 | 价格: 24.13 | 涨跌幅: 1.99% | 成交量: 2047万
2026-02-24 11:28:25,912 - INFO - 时间: 11:28:25 | 价格: 24.13 | 涨跌幅: 1.99% | 成交量: 2047万
2026-02-24 11:28:27,029 - INFO - 时间: 11:28:27 | 价格: 24.13 | 涨跌幅: 1.99% | 成交量: 2047万
2026-02-24 11:28:28,133 - INFO - 时间: 11:28:28 | 价格: 24.13 | 涨跌幅: 1.99% | 成交量: 2047万
2026-02-24 11:28:29,583 - INFO - 时间: 11:28:29 | 价格: 24.13 | 涨跌幅: 1.99% | 成交量: 2047万
2026-02-24 11:28:30,678 - INFO - 时间: 11:28:30 | 价格: 24.13 | 涨跌幅: 1.99% | 成交量: 2047万
2026-02-24 11:28:31,790 - INFO - 时间: 11:28:31 | 价格: 24.13 | 涨跌幅: 1.99% | 成交量: 2047万
2026-02-24 11:28:32,898 - INFO - 时间: 11:28:32 | 价格: 24.13 | 涨跌幅: 1.99% | 成交量: 2047万
2026-02-24 11:28:34,001 - INFO - 时间: 11:28:34 | 价格: 24.13 | 涨跌幅: 1.99% | 成交量: 2047万
2026-02-24 11:28:35,115 - INFO - 时间: 11:28:35 | 价格: 24.13 | 涨跌幅: 1.99% | 成交量: 2047万
2026-02-24 11:28:36,210 - INFO - 时间: 11:28:36 | 价格: 24.13 | 涨跌幅: 1.99% | 成交量: 2047万
2026-02-24 11:28:37,314 - INFO - 时间: 11:28:37 | 价格: 24.13 | 涨跌幅: 1.99% | 成交量: 2047万
2026-02-24 11:28:38,415 - INFO - 时间: 11:28:38 | 价格: 24.13 | 涨跌幅: 1.99% | 成交量: 2047万
2026-02-24 11:28:39,537 - INFO - 时间: 11:28:39 | 价格: 24.13 | 涨跌幅: 1.99% | 成交量: 2047万
2026-02-24 11:28:40,713 - INFO - 时间: 11:28:40 | 价格: 24.13 | 涨跌幅: 1.99% | 成交量: 2047万
2026-02-24 11:28:41,804 - INFO - 时间: 11:28:41 | 价格: 24.13 | 涨跌幅: 1.99% | 成交量: 2047万
2026-02-24 11:28:42,919 - INFO - 时间: 11:28:42 | 价格: 24.13 | 涨跌幅: 1.99% | 成交量: 2047万
2026-02-24 11:28:44,018 - INFO - 时间: 11:28:44 | 价格: 24.13 | 涨跌幅: 1.99% | 成交量: 2047万
2026-02-24 11:28:45,119 - INFO - 时间: 11:28:45 | 价格: 24.13 | 涨跌幅: 1.99% | 成交量: 2047万
2026-02-24 11:28:46,245 - INFO - 时间: 11:28:46 | 价格: 24.13 | 涨跌幅: 1.99% | 成交量: 2047万
2026-02-24 11:28:47,341 - INFO - 时间: 11:28:47 | 价格: 24.13 | 涨跌幅: 1.99% | 成交量: 2047万
2026-02-24 11:28:48,433 - INFO - 时间: 11:28:48 | 价格: 24.13 | 涨跌幅: 1.99% | 成交量: 2047万
2026-02-24 11:28:49,547 - INFO - 时间: 11:28:49 | 价格: 24.13 | 涨跌幅: 1.99% | 成交量: 2047万
2026-02-24 11:28:50,644 - INFO - 时间: 11:28:50 | 价格: 24.13 | 涨跌幅: 1.99% | 成交量: 2047万
2026-02-24 11:28:51,743 - INFO - 时间: 11:28:51 | 价格: 24.13 | 涨跌幅: 1.99% | 成交量: 2047万
2026-02-24 11:28:52,847 - INFO - 时间: 11:28:52 | 价格: 24.13 | 涨跌幅: 1.99% | 成交量: 2047万
2026-02-24 11:28:53,953 - INFO - 时间: 11:28:53 | 价格: 24.13 | 涨跌幅: 1.99% | 成交量: 2047万
2026-02-24 11:28:55,057 - INFO - 时间: 11:28:55 | 价格: 24.13 | 涨跌幅: 1.99% | 成交量: 2047万
2026-02-24 11:28:56,153 - INFO - 时间: 11:28:56 | 价格: 24.13 | 涨跌幅: 1.99% | 成交量: 2047万
2026-02-24 11:28:57,262 - INFO - 时间: 11:28:57 | 价格: 24.13 | 涨跌幅: 1.99% | 成交量: 2047万
2026-02-24 11:28:58,365 - INFO - 时间: 11:28:58 | 价格: 24.13 | 涨跌幅: 1.99% | 成交量: 2047万
2026-02-24 11:28:59,477 - INFO - 时间: 11:28:59 | 价格: 24.13 | 涨跌幅: 1.99% | 成交量: 2047万
2026-02-24 11:29:00,571 - INFO - 时间: 11:29:00 | 价格: 24.13 | 涨跌幅: 1.99% | 成交量: 2047万
2026-02-24 11:29:01,670 - INFO - 时间: 11:29:01 | 价格: 24.13 | 涨跌幅: 1.99% | 成交量: 2047万
2026-02-24 11:29:02,772 - INFO - 时间: 11:29:02 | 价格: 24.13 | 涨跌幅: 1.99% | 成交量: 2047万
2026-02-24 11:29:03,874 - INFO - 时间: 11:29:03 | 价格: 24.13 | 涨跌幅: 1.99% | 成交量: 2047万
2026-02-24 11:29:04,975 - INFO - 时间: 11:29:04 | 价格: 24.13 | 涨跌幅: 1.99% | 成交量: 2047万
2026-02-24 11:29:06,073 - INFO - 时间: 11:29:06 | 价格: 24.13 | 涨跌幅: 1.99% | 成交量: 2047万
2026-02-24 11:29:07,177 - INFO - 时间: 11:29:07 | 价格: 24.13 | 涨跌幅: 1.99% | 成交量: 2047万
2026-02-24 11:29:08,282 - INFO - 时间: 11:29:08 | 价格: 24.13 | 涨跌幅: 1.99% | 成交量: 2047万
2026-02-24 11:29:09,387 - INFO - 时间: 11:29:09 | 价格: 24.13 | 涨跌幅: 1.99% | 成交量: 2047万
2026-02-24 11:29:10,491 - INFO - 时间: 11:29:10 | 价格: 24.13 | 涨跌幅: 1.99% | 成交量: 2047万
2026-02-24 11:29:11,590 - INFO - 时间: 11:29:11 | 价格: 24.13 | 涨跌幅: 1.99% | 成交量: 2047万
2026-02-24 11:29:12,996 - INFO - 时间: 11:29:12 | 价格: 24.13 | 涨跌幅: 1.99% | 成交量: 2047万
2026-02-24 11:29:14,093 - INFO - 时间: 11:29:14 | 价格: 24.13 | 涨跌幅: 1.99% | 成交量: 2047万
2026-02-24 11:29:15,198 - INFO - 时间: 11:29:15 | 价格: 24.13 | 涨跌幅: 1.99% | 成交量: 2047万
2026-02-24 11:29:16,293 - INFO - 时间: 11:29:16 | 价格: 24.13 | 涨跌幅: 1.99% | 成交量: 2047万
2026-02-24 11:29:17,390 - INFO - 时间: 11:29:17 | 价格: 24.13 | 涨跌幅: 1.99% | 成交量: 2047万
2026-02-24 11:29:18,482 - INFO - 时间: 11:29:18 | 价格: 24.13 | 涨跌幅: 1.99% | 成交量: 2047万
2026-02-24 11:29:19,583 - INFO - 时间: 11:29:19 | 价格: 24.13 | 涨跌幅: 1.99% | 成交量: 2047万
2026-02-24 11:29:20,691 - INFO - 时间: 11:29:20 | 价格: 24.13 | 涨跌幅: 1.99% | 成交量: 2047万
2026-02-24 11:29:21,792 - INFO - 时间: 11:29:21 | 价格: 24.13 | 涨跌幅: 1.99% | 成交量: 2047万
2026-02-24 11:29:22,888 - INFO - 时间: 11:29:22 | 价格: 24.13 | 涨跌幅: 1.99% | 成交量: 2047万
2026-02-24 11:29:23,985 - INFO - 时间: 11:29:23 | 价格: 24.13 | 涨跌幅: 1.99% | 成交量: 2047万
2026-02-24 11:29:25,078 - INFO - 时间: 11:29:25 | 价格: 24.13 | 涨跌幅: 1.99% | 成交量: 2047万
2026-02-24 11:29:26,177 - INFO - 时间: 11:29:26 | 价格: 24.13 | 涨跌幅: 1.99% | 成交量: 2047万
2026-02-24 11:29:27,275 - INFO - 时间: 11:29:27 | 价格: 24.13 | 涨跌幅: 1.99% | 成交量: 2047万
2026-02-24 11:29:28,374 - INFO - 时间: 11:29:28 | 价格: 24.13 | 涨跌幅: 1.99% | 成交量: 2047万
2026-02-24 11:29:29,472 - INFO - 时间: 11:29:29 | 价格: 24.13 | 涨跌幅: 1.99% | 成交量: 2047万
2026-02-24 11:29:30,571 - INFO - 时间: 11:29:30 | 价格: 24.13 | 涨跌幅: 1.99% | 成交量: 2047万
2026-02-24 11:29:31,685 - INFO - 时间: 11:29:31 | 价格: 24.13 | 涨跌幅: 1.99% | 成交量: 2047万
2026-02-24 11:29:32,788 - INFO - 时间: 11:29:32 | 价格: 24.13 | 涨跌幅: 1.99% | 成交量: 2047万
2026-02-24 11:29:33,890 - INFO - 时间: 11:29:33 | 价格: 24.13 | 涨跌幅: 1.99% | 成交量: 2047万
2026-02-24 11:29:34,997 - INFO - 时间: 11:29:34 | 价格: 24.13 | 涨跌幅: 1.99% | 成交量: 2047万
2026-02-24 11:29:36,091 - INFO - 时间: 11:29:36 | 价格: 24.13 | 涨跌幅: 1.99% | 成交量: 2047万
2026-02-24 11:29:37,230 - INFO - 时间: 11:29:37 | 价格: 24.13 | 涨跌幅: 1.99% | 成交量: 2047万
2026-02-24 11:29:38,329 - INFO - 时间: 11:29:38 | 价格: 24.13 | 涨跌幅: 1.99% | 成交量: 2047万
2026-02-24 11:29:39,428 - INFO - 时间: 11:29:39 | 价格: 24.13 | 涨跌幅: 1.99% | 成交量: 2047万
2026-02-24 11:29:40,538 - INFO - 时间: 11:29:40 | 价格: 24.13 | 涨跌幅: 1.99% | 成交量: 2047万
2026-02-24 11:29:41,701 - INFO - 时间: 11:29:41 | 价格: 24.13 | 涨跌幅: 1.99% | 成交量: 2047万
2026-02-24 11:29:42,803 - INFO - 时间: 11:29:42 | 价格: 24.13 | 涨跌幅: 1.99% | 成交量: 2047万
2026-02-24 11:29:43,902 - INFO - 时间: 11:29:43 | 价格: 24.13 | 涨跌幅: 1.99% | 成交量: 2047万
2026-02-24 11:29:45,003 - INFO - 时间: 11:29:45 | 价格: 24.13 | 涨跌幅: 1.99% | 成交量: 2047万
2026-02-24 11:29:46,095 - INFO - 时间: 11:29:46 | 价格: 24.13 | 涨跌幅: 1.99% | 成交量: 2047万
2026-02-24 11:29:47,199 - INFO - 时间: 11:29:47 | 价格: 24.13 | 涨跌幅: 1.99% | 成交量: 2047万
2026-02-24 11:29:48,304 - INFO - 时间: 11:29:48 | 价格: 24.13 | 涨跌幅: 1.99% | 成交量: 2047万
2026-02-24 11:29:49,708 - INFO - 时间: 11:29:49 | 价格: 24.13 | 涨跌幅: 1.99% | 成交量: 2047万
2026-02-24 11:29:50,816 - INFO - 时间: 11:29:50 | 价格: 24.13 | 涨跌幅: 1.99% | 成交量: 2047万
2026-02-24 11:29:51,915 - INFO - 时间: 11:29:51 | 价格: 24.13 | 涨跌幅: 1.99% | 成交量: 2047万
2026-02-24 11:29:53,023 - INFO - 时间: 11:29:53 | 价格: 24.13 | 涨跌幅: 1.99% | 成交量: 2047万
2026-02-24 11:29:54,118 - INFO - 时间: 11:29:54 | 价格: 24.13 | 涨跌幅: 1.99% | 成交量: 2047万
2026-02-24 11:29:55,216 - INFO - 时间: 11:29:55 | 价格: 24.13 | 涨跌幅: 1.99% | 成交量: 2047万
2026-02-24 11:29:56,313 - INFO - 时间: 11:29:56 | 价格: 24.13 | 涨跌幅: 1.99% | 成交量: 2047万
2026-02-24 11:29:57,413 - INFO - 时间: 11:29:57 | 价格: 24.13 | 涨跌幅: 1.99% | 成交量: 2047万
2026-02-24 11:29:58,512 - INFO - 时间: 11:29:58 | 价格: 24.13 | 涨跌幅: 1.99% | 成交量: 2047万
2026-02-24 11:29:59,612 - INFO - 时间: 11:29:59 | 价格: 24.13 | 涨跌幅: 1.99% | 成交量: 2047万
2026-02-24 11:30:00,710 - INFO - 时间: 11:30:00 | 价格: 24.13 | 涨跌幅: 1.99% | 成交量: 2047万
2026-02-24 11:30:01,809 - INFO - 时间: 11:30:01 | 价格: 24.13 | 涨跌幅: 1.99% | 成交量: 2047万
2026-02-24 11:30:02,913 - INFO - 时间: 11:30:02 | 价格: 24.13 | 涨跌幅: 1.99% | 成交量: 2047万
2026-02-24 11:30:04,008 - INFO - 时间: 11:30:04 | 价格: 24.13 | 涨跌幅: 1.99% | 成交量: 2047万
2026-02-24 11:30:05,103 - INFO - 时间: 11:30:05 | 价格: 24.13 | 涨跌幅: 1.99% | 成交量: 2047万
2026-02-24 11:30:06,200 - INFO - 时间: 11:30:06 | 价格: 24.13 | 涨跌幅: 1.99% | 成交量: 2047万
2026-02-24 11:30:07,305 - INFO - 时间: 11:30:07 | 价格: 24.13 | 涨跌幅: 1.99% | 成交量: 2047万
2026-02-24 11:30:08,424 - INFO - 时间: 11:30:08 | 价格: 24.13 | 涨跌幅: 1.99% | 成交量: 2047万
2026-02-24 11:30:09,536 - INFO - 时间: 11:30:09 | 价格: 24.13 | 涨跌幅: 1.99% | 成交量: 2047万
2026-02-24 11:30:10,677 - INFO - 时间: 11:30:10 | 价格: 24.13 | 涨跌幅: 1.99% | 成交量: 2047万
2026-02-24 11:30:11,794 - INFO - 时间: 11:30:11 | 价格: 24.13 | 涨跌幅: 1.99% | 成交量: 2047万
2026-02-24 11:30:12,899 - INFO - 时间: 11:30:12 | 价格: 24.13 | 涨跌幅: 1.99% | 成交量: 2047万
2026-02-24 11:30:13,994 - INFO - 时间: 11:30:13 | 价格: 24.13 | 涨跌幅: 1.99% | 成交量: 2047万
2026-02-24 11:30:15,341 - INFO - 时间: 11:30:15 | 价格: 24.13 | 涨跌幅: 1.99% | 成交量: 2047万
2026-02-24 11:30:16,439 - INFO - 时间: 11:30:16 | 价格: 24.13 | 涨跌幅: 1.99% | 成交量: 2047万
2026-02-24 11:30:17,542 - INFO - 时间: 11:30:17 | 价格: 24.13 | 涨跌幅: 1.99% | 成交量: 2047万
2026-02-24 11:30:18,646 - INFO - 时间: 11:30:18 | 价格: 24.13 | 涨跌幅: 1.99% | 成交量: 2047万
2026-02-24 11:30:19,740 - INFO - 时间: 11:30:19 | 价格: 24.13 | 涨跌幅: 1.99% | 成交量: 2047万
2026-02-24 11:30:20,837 - INFO - 时间: 11:30:20 | 价格: 24.13 | 涨跌幅: 1.99% | 成交量: 2047万
2026-02-24 11:30:21,939 - INFO - 时间: 11:30:21 | 价格: 24.13 | 涨跌幅: 1.99% | 成交量: 2047万
2026-02-24 11:30:23,031 - INFO - 时间: 11:30:23 | 价格: 24.13 | 涨跌幅: 1.99% | 成交量: 2047万
2026-02-24 11:30:24,126 - INFO - 时间: 11:30:24 | 价格: 24.13 | 涨跌幅: 1.99% | 成交量: 2047万
2026-02-24 11:30:25,229 - INFO - 时间: 11:30:25 | 价格: 24.13 | 涨跌幅: 1.99% | 成交量: 2047万
2026-02-24 11:30:26,441 - INFO - 时间: 11:30:26 | 价格: 24.13 | 涨跌幅: 1.99% | 成交量: 2047万
2026-02-24 11:30:27,540 - INFO - 时间: 11:30:27 | 价格: 24.13 | 涨跌幅: 1.99% | 成交量: 2047万
2026-02-24 11:30:28,639 - INFO - 时间: 11:30:28 | 价格: 24.13 | 涨跌幅: 1.99% | 成交量: 2047万
2026-02-24 11:30:29,748 - INFO - 时间: 11:30:29 | 价格: 24.13 | 涨跌幅: 1.99% | 成交量: 2047万
2026-02-24 11:30:30,854 - INFO - 时间: 11:30:30 | 价格: 24.13 | 涨跌幅: 1.99% | 成交量: 2047万
2026-02-24 11:30:31,947 - INFO - 时间: 11:30:31 | 价格: 24.13 | 涨跌幅: 1.99% | 成交量: 2047万
2026-02-24 11:30:33,045 - INFO - 时间: 11:30:33 | 价格: 24.13 | 涨跌幅: 1.99% | 成交量: 2047万
2026-02-24 11:30:34,159 - INFO - 时间: 11:30:34 | 价格: 24.13 | 涨跌幅: 1.99% | 成交量: 2047万
2026-02-24 11:30:35,261 - INFO - 时间: 11:30:35 | 价格: 24.13 | 涨跌幅: 1.99% | 成交量: 2047万
2026-02-24 11:30:36,374 - INFO - 时间: 11:30:36 | 价格: 24.13 | 涨跌幅: 1.99% | 成交量: 2047万
2026-02-24 11:30:37,471 - INFO - 时间: 11:30:37 | 价格: 24.13 | 涨跌幅: 1.99% | 成交量: 2047万
2026-02-24 11:30:38,572 - INFO - 时间: 11:30:38 | 价格: 24.13 | 涨跌幅: 1.99% | 成交量: 2047万
2026-02-24 11:30:39,702 - INFO - 时间: 11:30:39 | 价格: 24.13 | 涨跌幅: 1.99% | 成交量: 2047万
2026-02-24 11:30:41,860 - INFO - 时间: 11:30:41 | 价格: 24.13 | 涨跌幅: 1.99% | 成交量: 2047万
2026-02-24 11:30:42,966 - INFO - 时间: 11:30:42 | 价格: 24.13 | 涨跌幅: 1.99% | 成交量: 2047万
2026-02-24 11:30:44,063 - INFO - 时间: 11:30:44 | 价格: 24.13 | 涨跌幅: 1.99% | 成交量: 2047万
2026-02-24 11:30:45,178 - INFO - 时间: 11:30:45 | 价格: 24.13 | 涨跌幅: 1.99% | 成交量: 2047万
2026-02-24 11:30:46,280 - INFO - 时间: 11:30:46 | 价格: 24.13 | 涨跌幅: 1.99% | 成交量: 2047万
2026-02-24 11:30:47,382 - INFO - 时间: 11:30:47 | 价格: 24.13 | 涨跌幅: 1.99% | 成交量: 2047万
2026-02-24 11:30:48,477 - INFO - 时间: 11:30:48 | 价格: 24.13 | 涨跌幅: 1.99% | 成交量: 2047万
2026-02-24 11:30:49,853 - INFO - 时间: 11:30:49 | 价格: 24.13 | 涨跌幅: 1.99% | 成交量: 2047万
2026-02-24 11:30:50,944 - INFO - 时间: 11:30:50 | 价格: 24.13 | 涨跌幅: 1.99% | 成交量: 2047万
2026-02-24 11:30:52,227 - INFO - 时间: 11:30:52 | 价格: 24.13 | 涨跌幅: 1.99% | 成交量: 2047万
2026-02-24 11:30:53,335 - INFO - 时间: 11:30:53 | 价格: 24.13 | 涨跌幅: 1.99% | 成交量: 2047万
2026-02-24 11:30:54,441 - INFO - 时间: 11:30:54 | 价格: 24.13 | 涨跌幅: 1.99% | 成交量: 2047万
2026-02-24 11:30:55,542 - INFO - 时间: 11:30:55 | 价格: 24.13 | 涨跌幅: 1.99% | 成交量: 2047万
2026-02-24 11:30:56,655 - INFO - 时间: 11:30:56 | 价格: 24.13 | 涨跌幅: 1.99% | 成交量: 2047万
2026-02-24 11:30:57,864 - INFO - 时间: 11:30:57 | 价格: 24.13 | 涨跌幅: 1.99% | 成交量: 2047万
2026-02-24 11:30:58,967 - INFO - 时间: 11:30:58 | 价格: 24.13 | 涨跌幅: 1.99% | 成交量: 2047万
2026-02-24 11:31:00,273 - INFO - 时间: 11:31:00 | 价格: 24.13 | 涨跌幅: 1.99% | 成交量: 2047万
2026-02-24 11:31:01,277 - INFO - 当前非交易时间，等待60秒后重试
2026-02-24 11:31:01,278 - INFO - 已断开连接
